<?xml version="1.0" encoding="UTF-8"?>
<testsuite xmlns:xsi="http://www.w3.org/2001/XMLSchema-instance" xsi:noNamespaceSchemaLocation="https://maven.apache.org/surefire/maven-surefire-plugin/xsd/surefire-test-report-3.0.xsd" version="3.0" name="repository.UserRepositoryTest" time="5.991" tests="12" errors="0" skipped="0" failures="0">
  <properties>
[...]
</properties>
  <testcase name="testDeleteNonExistent" classname="repository.UserRepositoryTest" time="0.522">
    <system-out><![CDATA[05:18:12.660 [main] INFO  J.r.database.DatabaseConnection - Successful connection to the database
05:18:12.667 [main] INFO  JDBC.repository.UserRepository - Operation start: adding a user user1
05:18:12.831 [main] INFO  J.r.database.DatabaseConnection - Successful connection to the database
05:18:12.832 [main] INFO  JDBC.repository.SqlHelper - SQL файл успешно загружен: scripts/users/insert_user.sql
05:18:12.835 [main] INFO  JDBC.repository.UserRepository - The operation is completed: the user has been added with the ID 1
05:18:12.835 [main] INFO  JDBC.repository.UserRepository - Operation start: adding a user user2
05:18:12.895 [main] INFO  J.r.database.DatabaseConnection - Successful connection to the database
05:18:12.896 [main] INFO  JDBC.repository.SqlHelper - SQL файл успешно загружен: scripts/users/insert_user.sql
05:18:12.898 [main] INFO  JDBC.repository.UserRepository - The operation is completed: the user has been added with the ID 2
05:18:12.898 [main] INFO  JDBC.repository.UserRepository - Start of the operation: deleting a user with an ID 99999
05:18:12.969 [main] INFO  J.r.database.DatabaseConnection - Successful connection to the database
05:18:12.970 [main] INFO  JDBC.repository.SqlHelper - SQL файл успешно загружен: scripts/users/delete_user.sql
05:18:12.974 [main] INFO  JDBC.repository.UserRepository - Operation completed: user not  deleted
05:18:13.070 [main] INFO  J.r.database.DatabaseConnection - Successful connection to the database
]]></system-out>
  </testcase>
  <testcase name="testFindAll" classname="repository.UserRepositoryTest" time="0.639">
    <system-out><![CDATA[05:18:13.171 [main] INFO  J.r.database.DatabaseConnection - Successful connection to the database
05:18:13.175 [main] INFO  JDBC.repository.UserRepository - Operation start: adding a user user1
05:18:13.240 [main] INFO  J.r.database.DatabaseConnection - Successful connection to the database
05:18:13.240 [main] INFO  JDBC.repository.SqlHelper - SQL файл успешно загружен: scripts/users/insert_user.sql
05:18:13.242 [main] INFO  JDBC.repository.UserRepository - The operation is completed: the user has been added with the ID 3
05:18:13.243 [main] INFO  JDBC.repository.UserRepository - Operation start: adding a user user2
05:18:13.308 [main] INFO  J.r.database.DatabaseConnection - Successful connection to the database
05:18:13.308 [main] INFO  JDBC.repository.SqlHelper - SQL файл успешно загружен: scripts/users/insert_user.sql
05:18:13.310 [main] INFO  JDBC.repository.UserRepository - The operation is completed: the user has been added with the ID 4
05:18:13.311 [main] INFO  JDBC.repository.UserRepository - Operation start: getting all users
05:18:13.616 [main] INFO  J.r.database.DatabaseConnection - Successful connection to the database
05:18:13.617 [main] INFO  JDBC.repository.SqlHelper - SQL файл успешно загружен: scripts/users/select_all_users.sql
05:18:13.620 [main] INFO  JDBC.repository.UserRepository - ResultSet successfully obtained
05:18:13.620 [main] INFO  JDBC.repository.Mapper - Mapping ResultSet to User DTO
05:18:13.620 [main] INFO  JDBC.repository.Mapper - Mapping ResultSet to User DTO
05:18:13.621 [main] INFO  JDBC.repository.UserRepository - Operation completed: 2 users found
05:18:13.713 [main] INFO  J.r.database.DatabaseConnection - Successful connection to the database
]]></system-out>
  </testcase>
  <testcase name="testFindAllSortedByUsername" classname="repository.UserRepositoryTest" time="0.69">
    <system-out><![CDATA[05:18:13.808 [main] INFO  J.r.database.DatabaseConnection - Successful connection to the database
05:18:13.814 [main] INFO  JDBC.repository.UserRepository - Operation start: adding a user user1
05:18:13.883 [main] INFO  J.r.database.DatabaseConnection - Successful connection to the database
05:18:13.883 [main] INFO  JDBC.repository.SqlHelper - SQL файл успешно загружен: scripts/users/insert_user.sql
05:18:13.886 [main] INFO  JDBC.repository.UserRepository - The operation is completed: the user has been added with the ID 5
05:18:13.886 [main] INFO  JDBC.repository.UserRepository - Operation start: adding a user user2
05:18:13.969 [main] INFO  J.r.database.DatabaseConnection - Successful connection to the database
05:18:13.970 [main] INFO  JDBC.repository.SqlHelper - SQL файл успешно загружен: scripts/users/insert_user.sql
05:18:13.972 [main] INFO  JDBC.repository.UserRepository - The operation is completed: the user has been added with the ID 6
05:18:14.049 [main] INFO  J.r.database.DatabaseConnection - Successful connection to the database
05:18:14.059 [main] INFO  JDBC.repository.UserRepository - Operation start: adding a user charlie
05:18:14.125 [main] INFO  J.r.database.DatabaseConnection - Successful connection to the database
05:18:14.125 [main] INFO  JDBC.repository.SqlHelper - SQL файл успешно загружен: scripts/users/insert_user.sql
05:18:14.129 [main] INFO  JDBC.repository.UserRepository - The operation is completed: the user has been added with the ID 7
05:18:14.129 [main] INFO  JDBC.repository.UserRepository - Operation start: adding a user alice
05:18:14.206 [main] INFO  J.r.database.DatabaseConnection - Successful connection to the database
05:18:14.207 [main] INFO  JDBC.repository.SqlHelper - SQL файл успешно загружен: scripts/users/insert_user.sql
05:18:14.209 [main] INFO  JDBC.repository.UserRepository - The operation is completed: the user has been added with the ID 8
05:18:14.209 [main] INFO  JDBC.repository.UserRepository - Operation start: adding a user bob
05:18:14.271 [main] INFO  J.r.database.DatabaseConnection - Successful connection to the database
05:18:14.271 [main] INFO  JDBC.repository.SqlHelper - SQL файл успешно загружен: scripts/users/insert_user.sql
05:18:14.274 [main] INFO  JDBC.repository.UserRepository - The operation is completed: the user has been added with the ID 9
05:18:14.274 [main] INFO  JDBC.repository.UserRepository - Search for users sorted by username
05:18:14.338 [main] INFO  J.r.database.DatabaseConnection - Successful connection to the database
05:18:14.339 [main] INFO  JDBC.repository.SqlHelper - SQL файл успешно загружен: scripts/users/select_users_sorted_username.sql
05:18:14.343 [main] INFO  JDBC.repository.Mapper - Mapping ResultSet to User DTO
05:18:14.343 [main] INFO  JDBC.repository.Mapper - Mapping ResultSet to User DTO
05:18:14.343 [main] INFO  JDBC.repository.Mapper - Mapping ResultSet to User DTO
05:18:14.344 [main] INFO  JDBC.repository.UserRepository - Found 3 sorted users
05:18:14.408 [main] INFO  J.r.database.DatabaseConnection - Successful connection to the database
]]></system-out>
  </testcase>
  <testcase name="testFindById" classname="repository.UserRepositoryTest" time="0.418">
    <system-out><![CDATA[05:18:14.478 [main] INFO  J.r.database.DatabaseConnection - Successful connection to the database
05:18:14.483 [main] INFO  JDBC.repository.UserRepository - Operation start: adding a user user1
05:18:14.558 [main] INFO  J.r.database.DatabaseConnection - Successful connection to the database
05:18:14.559 [main] INFO  JDBC.repository.SqlHelper - SQL файл успешно загружен: scripts/users/insert_user.sql
05:18:14.563 [main] INFO  JDBC.repository.UserRepository - The operation is completed: the user has been added with the ID 10
05:18:14.563 [main] INFO  JDBC.repository.UserRepository - Operation start: adding a user user2
05:18:14.660 [main] INFO  J.r.database.DatabaseConnection - Successful connection to the database
05:18:14.661 [main] INFO  JDBC.repository.SqlHelper - SQL файл успешно загружен: scripts/users/insert_user.sql
05:18:14.665 [main] INFO  JDBC.repository.UserRepository - The operation is completed: the user has been added with the ID 11
05:18:14.665 [main] INFO  JDBC.repository.UserRepository - Operation start: user ID search 10
05:18:14.751 [main] INFO  J.r.database.DatabaseConnection - Successful connection to the database
05:18:14.751 [main] INFO  JDBC.repository.SqlHelper - SQL файл успешно загружен: scripts/users/select_user_id.sql
05:18:14.755 [main] INFO  JDBC.repository.UserRepository - Operation completed: the user has been found
05:18:14.755 [main] INFO  JDBC.repository.Mapper - Mapping ResultSet to User DTO
05:18:14.827 [main] INFO  J.r.database.DatabaseConnection - Successful connection to the database
]]></system-out>
  </testcase>
  <testcase name="testFindByUsername" classname="repository.UserRepositoryTest" time="0.441">
    <system-out><![CDATA[05:18:14.897 [main] INFO  J.r.database.DatabaseConnection - Successful connection to the database
05:18:14.902 [main] INFO  JDBC.repository.UserRepository - Operation start: adding a user user1
05:18:15.064 [main] INFO  J.r.database.DatabaseConnection - Successful connection to the database
05:18:15.064 [main] INFO  JDBC.repository.SqlHelper - SQL файл успешно загружен: scripts/users/insert_user.sql
05:18:15.066 [main] INFO  JDBC.repository.UserRepository - The operation is completed: the user has been added with the ID 12
05:18:15.067 [main] INFO  JDBC.repository.UserRepository - Operation start: adding a user user2
05:18:15.128 [main] INFO  J.r.database.DatabaseConnection - Successful connection to the database
05:18:15.129 [main] INFO  JDBC.repository.SqlHelper - SQL файл успешно загружен: scripts/users/insert_user.sql
05:18:15.132 [main] INFO  JDBC.repository.UserRepository - The operation is completed: the user has been added with the ID 13
05:18:15.198 [main] INFO  J.r.database.DatabaseConnection - Successful connection to the database
05:18:15.198 [main] INFO  JDBC.repository.SqlHelper - SQL файл успешно загружен: scripts/users/select_user_username.sql
05:18:15.201 [main] INFO  JDBC.repository.Mapper - Mapping ResultSet to User DTO
05:18:15.268 [main] INFO  J.r.database.DatabaseConnection - Successful connection to the database
]]></system-out>
  </testcase>
  <testcase name="testFindByUsernameNonExistent" classname="repository.UserRepositoryTest" time="0.366">
    <system-out><![CDATA[05:18:15.345 [main] INFO  J.r.database.DatabaseConnection - Successful connection to the database
05:18:15.352 [main] INFO  JDBC.repository.UserRepository - Operation start: adding a user user1
05:18:15.427 [main] INFO  J.r.database.DatabaseConnection - Successful connection to the database
05:18:15.427 [main] INFO  JDBC.repository.SqlHelper - SQL файл успешно загружен: scripts/users/insert_user.sql
05:18:15.430 [main] INFO  JDBC.repository.UserRepository - The operation is completed: the user has been added with the ID 14
05:18:15.430 [main] INFO  JDBC.repository.UserRepository - Operation start: adding a user user2
05:18:15.501 [main] INFO  J.r.database.DatabaseConnection - Successful connection to the database
05:18:15.502 [main] INFO  JDBC.repository.SqlHelper - SQL файл успешно загружен: scripts/users/insert_user.sql
05:18:15.505 [main] INFO  JDBC.repository.UserRepository - The operation is completed: the user has been added with the ID 15
05:18:15.567 [main] INFO  J.r.database.DatabaseConnection - Successful connection to the database
05:18:15.568 [main] INFO  JDBC.repository.SqlHelper - SQL файл успешно загружен: scripts/users/select_user_username.sql
05:18:15.634 [main] INFO  J.r.database.DatabaseConnection - Successful connection to the database
]]></system-out>
  </testcase>
  <testcase name="testDelete" classname="repository.UserRepositoryTest" time="0.494">
    <system-out><![CDATA[05:18:15.710 [main] INFO  J.r.database.DatabaseConnection - Successful connection to the database
05:18:15.716 [main] INFO  JDBC.repository.UserRepository - Operation start: adding a user user1
05:18:15.781 [main] INFO  J.r.database.DatabaseConnection - Successful connection to the database
05:18:15.782 [main] INFO  JDBC.repository.SqlHelper - SQL файл успешно загружен: scripts/users/insert_user.sql
05:18:15.785 [main] INFO  JDBC.repository.UserRepository - The operation is completed: the user has been added with the ID 16
05:18:15.785 [main] INFO  JDBC.repository.UserRepository - Operation start: adding a user user2
05:18:15.851 [main] INFO  J.r.database.DatabaseConnection - Successful connection to the database
05:18:15.851 [main] INFO  JDBC.repository.SqlHelper - SQL файл успешно загружен: scripts/users/insert_user.sql
05:18:15.855 [main] INFO  JDBC.repository.UserRepository - The operation is completed: the user has been added with the ID 17
05:18:15.855 [main] INFO  JDBC.repository.UserRepository - Start of the operation: deleting a user with an ID 17
05:18:15.917 [main] INFO  J.r.database.DatabaseConnection - Successful connection to the database
05:18:15.918 [main] INFO  JDBC.repository.SqlHelper - SQL файл успешно загружен: scripts/users/delete_user.sql
05:18:15.925 [main] INFO  JDBC.repository.UserRepository - Operation completed: user  deleted
05:18:15.925 [main] INFO  JDBC.repository.UserRepository - Operation start: user ID search 17
05:18:15.987 [main] INFO  J.r.database.DatabaseConnection - Successful connection to the database
05:18:15.988 [main] INFO  JDBC.repository.SqlHelper - SQL файл успешно загружен: scripts/users/select_user_id.sql
05:18:15.991 [main] INFO  JDBC.repository.UserRepository - The operation was completed: the user with ID 17 was not found
05:18:15.991 [main] INFO  JDBC.repository.UserRepository - Operation start: getting all users
05:18:16.052 [main] INFO  J.r.database.DatabaseConnection - Successful connection to the database
05:18:16.053 [main] INFO  JDBC.repository.SqlHelper - SQL файл успешно загружен: scripts/users/select_all_users.sql
05:18:16.056 [main] INFO  JDBC.repository.UserRepository - ResultSet successfully obtained
05:18:16.056 [main] INFO  JDBC.repository.Mapper - Mapping ResultSet to User DTO
05:18:16.056 [main] INFO  JDBC.repository.UserRepository - Operation completed: 1 users found
05:18:16.130 [main] INFO  J.r.database.DatabaseConnection - Successful connection to the database
]]></system-out>
  </testcase>
  <testcase name="testFindAllSortedByUsernameEmpty" classname="repository.UserRepositoryTest" time="0.414">
    <system-out><![CDATA[05:18:16.199 [main] INFO  J.r.database.DatabaseConnection - Successful connection to the database
05:18:16.203 [main] INFO  JDBC.repository.UserRepository - Operation start: adding a user user1
05:18:16.271 [main] INFO  J.r.database.DatabaseConnection - Successful connection to the database
05:18:16.271 [main] INFO  JDBC.repository.SqlHelper - SQL файл успешно загружен: scripts/users/insert_user.sql
05:18:16.274 [main] INFO  JDBC.repository.UserRepository - The operation is completed: the user has been added with the ID 18
05:18:16.274 [main] INFO  JDBC.repository.UserRepository - Operation start: adding a user user2
05:18:16.343 [main] INFO  J.r.database.DatabaseConnection - Successful connection to the database
05:18:16.343 [main] INFO  JDBC.repository.SqlHelper - SQL файл успешно загружен: scripts/users/insert_user.sql
05:18:16.345 [main] INFO  JDBC.repository.UserRepository - The operation is completed: the user has been added with the ID 19
05:18:16.407 [main] INFO  J.r.database.DatabaseConnection - Successful connection to the database
05:18:16.413 [main] INFO  JDBC.repository.UserRepository - Search for users sorted by username
05:18:16.482 [main] INFO  J.r.database.DatabaseConnection - Successful connection to the database
05:18:16.483 [main] INFO  JDBC.repository.SqlHelper - SQL файл успешно загружен: scripts/users/select_users_sorted_username.sql
05:18:16.486 [main] INFO  JDBC.repository.UserRepository - Found 0 sorted users
05:18:16.548 [main] INFO  J.r.database.DatabaseConnection - Successful connection to the database
]]></system-out>
  </testcase>
  <testcase name="testUpdateNonExistent" classname="repository.UserRepositoryTest" time="0.383">
    <system-out><![CDATA[05:18:16.616 [main] INFO  J.r.database.DatabaseConnection - Successful connection to the database
05:18:16.622 [main] INFO  JDBC.repository.UserRepository - Operation start: adding a user user1
05:18:16.696 [main] INFO  J.r.database.DatabaseConnection - Successful connection to the database
05:18:16.697 [main] INFO  JDBC.repository.SqlHelper - SQL файл успешно загружен: scripts/users/insert_user.sql
05:18:16.700 [main] INFO  JDBC.repository.UserRepository - The operation is completed: the user has been added with the ID 20
05:18:16.700 [main] INFO  JDBC.repository.UserRepository - Operation start: adding a user user2
05:18:16.777 [main] INFO  J.r.database.DatabaseConnection - Successful connection to the database
05:18:16.778 [main] INFO  JDBC.repository.SqlHelper - SQL файл успешно загружен: scripts/users/insert_user.sql
05:18:16.782 [main] INFO  JDBC.repository.UserRepository - The operation is completed: the user has been added with the ID 21
05:18:16.782 [main] INFO  JDBC.repository.UserRepository - Start of the operation: updating the user with the ID 99999
05:18:16.852 [main] INFO  J.r.database.DatabaseConnection - Successful connection to the database
05:18:16.853 [main] INFO  JDBC.repository.SqlHelper - SQL файл успешно загружен: scripts/users/update_user.sql
05:18:16.856 [main] INFO  JDBC.repository.UserRepository - Operation completed: user not  updated
05:18:16.929 [main] INFO  J.r.database.DatabaseConnection - Successful connection to the database
]]></system-out>
  </testcase>
  <testcase name="testInsert" classname="repository.UserRepositoryTest" time="0.529">
    <system-out><![CDATA[05:18:17.006 [main] INFO  J.r.database.DatabaseConnection - Successful connection to the database
05:18:17.011 [main] INFO  JDBC.repository.UserRepository - Operation start: adding a user user1
05:18:17.074 [main] INFO  J.r.database.DatabaseConnection - Successful connection to the database
05:18:17.075 [main] INFO  JDBC.repository.SqlHelper - SQL файл успешно загружен: scripts/users/insert_user.sql
05:18:17.078 [main] INFO  JDBC.repository.UserRepository - The operation is completed: the user has been added with the ID 22
05:18:17.078 [main] INFO  JDBC.repository.UserRepository - Operation start: adding a user user2
05:18:17.142 [main] INFO  J.r.database.DatabaseConnection - Successful connection to the database
05:18:17.142 [main] INFO  JDBC.repository.SqlHelper - SQL файл успешно загружен: scripts/users/insert_user.sql
05:18:17.145 [main] INFO  JDBC.repository.UserRepository - The operation is completed: the user has been added with the ID 23
05:18:17.145 [main] INFO  JDBC.repository.UserRepository - Operation start: adding a user new user
05:18:17.217 [main] INFO  J.r.database.DatabaseConnection - Successful connection to the database
05:18:17.217 [main] INFO  JDBC.repository.SqlHelper - SQL файл успешно загружен: scripts/users/insert_user.sql
05:18:17.220 [main] INFO  JDBC.repository.UserRepository - The operation is completed: the user has been added with the ID 24
05:18:17.220 [main] INFO  JDBC.repository.UserRepository - Operation start: user ID search 24
05:18:17.284 [main] INFO  J.r.database.DatabaseConnection - Successful connection to the database
05:18:17.284 [main] INFO  JDBC.repository.SqlHelper - SQL файл успешно загружен: scripts/users/select_user_id.sql
05:18:17.286 [main] INFO  JDBC.repository.UserRepository - Operation completed: the user has been found
05:18:17.286 [main] INFO  JDBC.repository.Mapper - Mapping ResultSet to User DTO
05:18:17.457 [main] INFO  J.r.database.DatabaseConnection - Successful connection to the database
]]></system-out>
  </testcase>
  <testcase name="testFindByIdNonExistent" classname="repository.UserRepositoryTest" time="0.353">
    <system-out><![CDATA[05:18:17.529 [main] INFO  J.r.database.DatabaseConnection - Successful connection to the database
05:18:17.536 [main] INFO  JDBC.repository.UserRepository - Operation start: adding a user user1
05:18:17.604 [main] INFO  J.r.database.DatabaseConnection - Successful connection to the database
05:18:17.605 [main] INFO  JDBC.repository.SqlHelper - SQL файл успешно загружен: scripts/users/insert_user.sql
05:18:17.607 [main] INFO  JDBC.repository.UserRepository - The operation is completed: the user has been added with the ID 25
05:18:17.608 [main] INFO  JDBC.repository.UserRepository - Operation start: adding a user user2
05:18:17.669 [main] INFO  J.r.database.DatabaseConnection - Successful connection to the database
05:18:17.670 [main] INFO  JDBC.repository.SqlHelper - SQL файл успешно загружен: scripts/users/insert_user.sql
05:18:17.672 [main] INFO  JDBC.repository.UserRepository - The operation is completed: the user has been added with the ID 26
05:18:17.673 [main] INFO  JDBC.repository.UserRepository - Operation start: user ID search 99999
05:18:17.737 [main] INFO  J.r.database.DatabaseConnection - Successful connection to the database
05:18:17.737 [main] INFO  JDBC.repository.SqlHelper - SQL файл успешно загружен: scripts/users/select_user_id.sql
05:18:17.742 [main] INFO  JDBC.repository.UserRepository - The operation was completed: the user with ID 99999 was not found
05:18:17.811 [main] INFO  J.r.database.DatabaseConnection - Successful connection to the database
]]></system-out>
  </testcase>
  <testcase name="testUpdate" classname="repository.UserRepositoryTest" time="0.733">
    <system-out><![CDATA[05:18:17.882 [main] INFO  J.r.database.DatabaseConnection - Successful connection to the database
05:18:17.888 [main] INFO  JDBC.repository.UserRepository - Operation start: adding a user user1
05:18:17.960 [main] INFO  J.r.database.DatabaseConnection - Successful connection to the database
05:18:17.960 [main] INFO  JDBC.repository.SqlHelper - SQL файл успешно загружен: scripts/users/insert_user.sql
05:18:17.963 [main] INFO  JDBC.repository.UserRepository - The operation is completed: the user has been added with the ID 27
05:18:17.963 [main] INFO  JDBC.repository.UserRepository - Operation start: adding a user user2
05:18:18.046 [main] INFO  J.r.database.DatabaseConnection - Successful connection to the database
05:18:18.047 [main] INFO  JDBC.repository.SqlHelper - SQL файл успешно загружен: scripts/users/insert_user.sql
05:18:18.051 [main] INFO  JDBC.repository.UserRepository - The operation is completed: the user has been added with the ID 28
05:18:18.051 [main] INFO  JDBC.repository.UserRepository - Operation start: user ID search 27
05:18:18.226 [main] INFO  J.r.database.DatabaseConnection - Successful connection to the database
05:18:18.227 [main] INFO  JDBC.repository.SqlHelper - SQL файл успешно загружен: scripts/users/select_user_id.sql
05:18:18.231 [main] INFO  JDBC.repository.UserRepository - Operation completed: the user has been found
05:18:18.231 [main] INFO  JDBC.repository.Mapper - Mapping ResultSet to User DTO
05:18:18.231 [main] INFO  JDBC.repository.UserRepository - Start of the operation: updating the user with the ID 27
05:18:18.301 [main] INFO  J.r.database.DatabaseConnection - Successful connection to the database
05:18:18.301 [main] INFO  JDBC.repository.SqlHelper - SQL файл успешно загружен: scripts/users/update_user.sql
05:18:18.304 [main] INFO  JDBC.repository.UserRepository - Operation completed: user  updated
05:18:18.305 [main] INFO  JDBC.repository.UserRepository - Operation start: user ID search 27
05:18:18.369 [main] INFO  J.r.database.DatabaseConnection - Successful connection to the database
05:18:18.369 [main] INFO  JDBC.repository.SqlHelper - SQL файл успешно загружен: scripts/users/select_user_id.sql
05:18:18.372 [main] INFO  JDBC.repository.UserRepository - Operation completed: the user has been found
05:18:18.372 [main] INFO  JDBC.repository.Mapper - Mapping ResultSet to User DTO
05:18:18.545 [main] INFO  J.r.database.DatabaseConnection - Successful connection to the database
]]></system-out>
  </testcase>
</testsuite>