<?xml version="1.0" encoding="UTF-8"?>
<testsuite xmlns:xsi="http://www.w3.org/2001/XMLSchema-instance" xsi:noNamespaceSchemaLocation="https://maven.apache.org/surefire/maven-surefire-plugin/xsd/surefire-test-report-3.0.xsd" version="3.0" name="repository.FunctionRepositoryTest" time="10.036" tests="11" errors="0" skipped="0" failures="0">
  <properties>
[...]
</properties>
  <testcase name="testDeleteNonExistent" classname="repository.FunctionRepositoryTest" time="1.512">
    <system-out><![CDATA[05:17:47.503 [main] INFO  J.r.database.DatabaseConnection - Loaded database properties from database.properties
05:17:47.518 [main] INFO  J.r.database.DatabaseConnection - PostgreSQL driver registered successfully
05:17:48.067 [main] INFO  J.r.database.DatabaseConnection - Successful connection to the database
05:17:48.174 [main] INFO  J.r.database.DatabaseConnection - Successful connection to the database
05:17:48.206 [main] INFO  JDBC.repository.UserRepository - Operation start: adding a user bob_1767748668201_1
05:17:48.291 [main] INFO  J.r.database.DatabaseConnection - Successful connection to the database
05:17:48.296 [main] INFO  JDBC.repository.SqlHelper - SQL файл успешно загружен: scripts/users/insert_user.sql
05:17:48.320 [main] INFO  JDBC.repository.UserRepository - The operation is completed: the user has been added with the ID 1
05:17:48.322 [main] INFO  JDBC.repository.UserRepository - Operation start: adding a user pop_1767748668201_1
05:17:48.512 [main] INFO  J.r.database.DatabaseConnection - Successful connection to the database
05:17:48.513 [main] INFO  JDBC.repository.SqlHelper - SQL файл успешно загружен: scripts/users/insert_user.sql
05:17:48.518 [main] INFO  JDBC.repository.UserRepository - The operation is completed: the user has been added with the ID 2
05:17:48.520 [main] INFO  JDBC.repository.FunctionRepository - Operation start: adding a function sin(x)
05:17:48.637 [main] INFO  J.r.database.DatabaseConnection - Successful connection to the database
05:17:48.639 [main] INFO  JDBC.repository.SqlHelper - SQL файл успешно загружен: scripts/functions/insert_function.sql
05:17:48.649 [main] INFO  JDBC.repository.FunctionRepository - Operation completed: function added with ID 4 (saved as whole, not point by point)
05:17:48.649 [main] INFO  JDBC.repository.FunctionRepository - Operation start: adding a function cos(x)
05:17:48.739 [main] INFO  J.r.database.DatabaseConnection - Successful connection to the database
05:17:48.740 [main] INFO  JDBC.repository.SqlHelper - SQL файл успешно загружен: scripts/functions/insert_function.sql
05:17:48.744 [main] INFO  JDBC.repository.FunctionRepository - Operation completed: function added with ID 5 (saved as whole, not point by point)
05:17:48.744 [main] INFO  JDBC.repository.FunctionRepository - Operation start: adding a function x^2
05:17:48.812 [main] INFO  J.r.database.DatabaseConnection - Successful connection to the database
05:17:48.813 [main] INFO  JDBC.repository.SqlHelper - SQL файл успешно загружен: scripts/functions/insert_function.sql
05:17:48.817 [main] INFO  JDBC.repository.FunctionRepository - Operation completed: function added with ID 6 (saved as whole, not point by point)
05:17:48.818 [main] INFO  JDBC.repository.FunctionRepository - Start of the operation: deleting the function from the ID 99999
05:17:48.894 [main] INFO  J.r.database.DatabaseConnection - Successful connection to the database
05:17:48.895 [main] INFO  JDBC.repository.SqlHelper - SQL файл успешно загружен: scripts/functions/delete_function.sql
05:17:48.900 [main] INFO  JDBC.repository.FunctionRepository - Operation completed: the not  function has been deleted
05:17:48.998 [main] INFO  J.r.database.DatabaseConnection - Successful connection to the database
]]></system-out>
  </testcase>
  <testcase name="testFindByUserId" classname="repository.FunctionRepositoryTest" time="0.948">
    <system-out><![CDATA[05:17:49.129 [main] INFO  J.r.database.DatabaseConnection - Successful connection to the database
05:17:49.307 [main] INFO  J.r.database.DatabaseConnection - Successful connection to the database
05:17:49.322 [main] INFO  JDBC.repository.UserRepository - Operation start: adding a user bob_1767748669322_1
05:17:49.389 [main] INFO  J.r.database.DatabaseConnection - Successful connection to the database
05:17:49.389 [main] INFO  JDBC.repository.SqlHelper - SQL файл успешно загружен: scripts/users/insert_user.sql
05:17:49.392 [main] INFO  JDBC.repository.UserRepository - The operation is completed: the user has been added with the ID 1
05:17:49.392 [main] INFO  JDBC.repository.UserRepository - Operation start: adding a user pop_1767748669322_1
05:17:49.456 [main] INFO  J.r.database.DatabaseConnection - Successful connection to the database
05:17:49.457 [main] INFO  JDBC.repository.SqlHelper - SQL файл успешно загружен: scripts/users/insert_user.sql
05:17:49.459 [main] INFO  JDBC.repository.UserRepository - The operation is completed: the user has been added with the ID 2
05:17:49.460 [main] INFO  JDBC.repository.FunctionRepository - Operation start: adding a function sin(x)
05:17:49.525 [main] INFO  J.r.database.DatabaseConnection - Successful connection to the database
05:17:49.525 [main] INFO  JDBC.repository.SqlHelper - SQL файл успешно загружен: scripts/functions/insert_function.sql
05:17:49.529 [main] INFO  JDBC.repository.FunctionRepository - Operation completed: function added with ID 7 (saved as whole, not point by point)
05:17:49.530 [main] INFO  JDBC.repository.FunctionRepository - Operation start: adding a function cos(x)
05:17:49.612 [main] INFO  J.r.database.DatabaseConnection - Successful connection to the database
05:17:49.613 [main] INFO  JDBC.repository.SqlHelper - SQL файл успешно загружен: scripts/functions/insert_function.sql
05:17:49.621 [main] INFO  JDBC.repository.FunctionRepository - Operation completed: function added with ID 8 (saved as whole, not point by point)
05:17:49.622 [main] INFO  JDBC.repository.FunctionRepository - Operation start: adding a function x^2
05:17:49.707 [main] INFO  J.r.database.DatabaseConnection - Successful connection to the database
05:17:49.708 [main] INFO  JDBC.repository.SqlHelper - SQL файл успешно загружен: scripts/functions/insert_function.sql
05:17:49.714 [main] INFO  JDBC.repository.FunctionRepository - Operation completed: function added with ID 9 (saved as whole, not point by point)
05:17:49.714 [main] INFO  JDBC.repository.FunctionRepository - Search for functions by user_id: 1
05:17:49.780 [main] INFO  J.r.database.DatabaseConnection - Successful connection to the database
05:17:49.792 [main] INFO  JDBC.repository.SqlHelper - SQL файл успешно загружен: scripts/functions/select_functions_user_id.sql
05:17:49.795 [main] INFO  JDBC.repository.Mapper - Mapping ResultSet to Function DTO
05:17:49.795 [main] INFO  JDBC.repository.Mapper - Mapping ResultSet to Function DTO
05:17:49.796 [main] INFO  JDBC.repository.FunctionRepository - Found 2 functions for user ID 1
05:17:49.796 [main] INFO  JDBC.repository.FunctionRepository - Search for functions by user_id: 999
05:17:49.870 [main] INFO  J.r.database.DatabaseConnection - Successful connection to the database
05:17:49.871 [main] INFO  JDBC.repository.SqlHelper - SQL файл успешно загружен: scripts/functions/select_functions_user_id.sql
05:17:49.873 [main] INFO  JDBC.repository.FunctionRepository - Found 0 functions for user ID 999
05:17:49.948 [main] INFO  J.r.database.DatabaseConnection - Successful connection to the database
]]></system-out>
  </testcase>
  <testcase name="testFindAll" classname="repository.FunctionRepositoryTest" time="0.797">
    <system-out><![CDATA[05:17:50.032 [main] INFO  J.r.database.DatabaseConnection - Successful connection to the database
05:17:50.107 [main] INFO  J.r.database.DatabaseConnection - Successful connection to the database
05:17:50.120 [main] INFO  JDBC.repository.UserRepository - Operation start: adding a user bob_1767748670120_1
05:17:50.223 [main] INFO  J.r.database.DatabaseConnection - Successful connection to the database
05:17:50.224 [main] INFO  JDBC.repository.SqlHelper - SQL файл успешно загружен: scripts/users/insert_user.sql
05:17:50.229 [main] INFO  JDBC.repository.UserRepository - The operation is completed: the user has been added with the ID 1
05:17:50.230 [main] INFO  JDBC.repository.UserRepository - Operation start: adding a user pop_1767748670120_1
05:17:50.313 [main] INFO  J.r.database.DatabaseConnection - Successful connection to the database
05:17:50.313 [main] INFO  JDBC.repository.SqlHelper - SQL файл успешно загружен: scripts/users/insert_user.sql
05:17:50.316 [main] INFO  JDBC.repository.UserRepository - The operation is completed: the user has been added with the ID 2
05:17:50.317 [main] INFO  JDBC.repository.FunctionRepository - Operation start: adding a function sin(x)
05:17:50.390 [main] INFO  J.r.database.DatabaseConnection - Successful connection to the database
05:17:50.391 [main] INFO  JDBC.repository.SqlHelper - SQL файл успешно загружен: scripts/functions/insert_function.sql
05:17:50.396 [main] INFO  JDBC.repository.FunctionRepository - Operation completed: function added with ID 10 (saved as whole, not point by point)
05:17:50.396 [main] INFO  JDBC.repository.FunctionRepository - Operation start: adding a function cos(x)
05:17:50.486 [main] INFO  J.r.database.DatabaseConnection - Successful connection to the database
05:17:50.487 [main] INFO  JDBC.repository.SqlHelper - SQL файл успешно загружен: scripts/functions/insert_function.sql
05:17:50.492 [main] INFO  JDBC.repository.FunctionRepository - Operation completed: function added with ID 11 (saved as whole, not point by point)
05:17:50.492 [main] INFO  JDBC.repository.FunctionRepository - Operation start: adding a function x^2
05:17:50.564 [main] INFO  J.r.database.DatabaseConnection - Successful connection to the database
05:17:50.564 [main] INFO  JDBC.repository.SqlHelper - SQL файл успешно загружен: scripts/functions/insert_function.sql
05:17:50.570 [main] INFO  JDBC.repository.FunctionRepository - Operation completed: function added with ID 12 (saved as whole, not point by point)
05:17:50.571 [main] INFO  JDBC.repository.FunctionRepository - Operation start: getting all the functions
05:17:50.661 [main] INFO  J.r.database.DatabaseConnection - Successful connection to the database
05:17:50.663 [main] INFO  JDBC.repository.SqlHelper - SQL файл успешно загружен: scripts/functions/select_all_functions.sql
05:17:50.667 [main] INFO  JDBC.repository.Mapper - Mapping ResultSet to Function DTO
05:17:50.667 [main] INFO  JDBC.repository.Mapper - Mapping ResultSet to Function DTO
05:17:50.667 [main] INFO  JDBC.repository.Mapper - Mapping ResultSet to Function DTO
05:17:50.668 [main] INFO  JDBC.repository.FunctionRepository - Operation completed: 3 functions found
05:17:50.748 [main] INFO  J.r.database.DatabaseConnection - Successful connection to the database
]]></system-out>
  </testcase>
  <testcase name="testFindAllSortedByName" classname="repository.FunctionRepositoryTest" time="1.222">
    <system-out><![CDATA[05:17:50.814 [main] INFO  J.r.database.DatabaseConnection - Successful connection to the database
05:17:50.889 [main] INFO  J.r.database.DatabaseConnection - Successful connection to the database
05:17:50.905 [main] INFO  JDBC.repository.UserRepository - Operation start: adding a user bob_1767748670905_1
05:17:50.971 [main] INFO  J.r.database.DatabaseConnection - Successful connection to the database
05:17:50.972 [main] INFO  JDBC.repository.SqlHelper - SQL файл успешно загружен: scripts/users/insert_user.sql
05:17:50.974 [main] INFO  JDBC.repository.UserRepository - The operation is completed: the user has been added with the ID 1
05:17:50.974 [main] INFO  JDBC.repository.UserRepository - Operation start: adding a user pop_1767748670905_1
05:17:51.053 [main] INFO  J.r.database.DatabaseConnection - Successful connection to the database
05:17:51.054 [main] INFO  JDBC.repository.SqlHelper - SQL файл успешно загружен: scripts/users/insert_user.sql
05:17:51.059 [main] INFO  JDBC.repository.UserRepository - The operation is completed: the user has been added with the ID 2
05:17:51.060 [main] INFO  JDBC.repository.FunctionRepository - Operation start: adding a function sin(x)
05:17:51.158 [main] INFO  J.r.database.DatabaseConnection - Successful connection to the database
05:17:51.159 [main] INFO  JDBC.repository.SqlHelper - SQL файл успешно загружен: scripts/functions/insert_function.sql
05:17:51.164 [main] INFO  JDBC.repository.FunctionRepository - Operation completed: function added with ID 13 (saved as whole, not point by point)
05:17:51.165 [main] INFO  JDBC.repository.FunctionRepository - Operation start: adding a function cos(x)
05:17:51.230 [main] INFO  J.r.database.DatabaseConnection - Successful connection to the database
05:17:51.231 [main] INFO  JDBC.repository.SqlHelper - SQL файл успешно загружен: scripts/functions/insert_function.sql
05:17:51.235 [main] INFO  JDBC.repository.FunctionRepository - Operation completed: function added with ID 14 (saved as whole, not point by point)
05:17:51.235 [main] INFO  JDBC.repository.FunctionRepository - Operation start: adding a function x^2
05:17:51.305 [main] INFO  J.r.database.DatabaseConnection - Successful connection to the database
05:17:51.306 [main] INFO  JDBC.repository.SqlHelper - SQL файл успешно загружен: scripts/functions/insert_function.sql
05:17:51.311 [main] INFO  JDBC.repository.FunctionRepository - Operation completed: function added with ID 15 (saved as whole, not point by point)
05:17:51.404 [main] INFO  J.r.database.DatabaseConnection - Successful connection to the database
05:17:51.412 [main] INFO  JDBC.repository.FunctionRepository - Operation start: adding a function cosine
05:17:51.507 [main] INFO  J.r.database.DatabaseConnection - Successful connection to the database
05:17:51.508 [main] INFO  JDBC.repository.SqlHelper - SQL файл успешно загружен: scripts/functions/insert_function.sql
05:17:51.515 [main] INFO  JDBC.repository.FunctionRepository - Operation completed: function added with ID 16 (saved as whole, not point by point)
05:17:51.515 [main] INFO  JDBC.repository.FunctionRepository - Operation start: adding a function alpha
05:17:51.626 [main] INFO  J.r.database.DatabaseConnection - Successful connection to the database
05:17:51.627 [main] INFO  JDBC.repository.SqlHelper - SQL файл успешно загружен: scripts/functions/insert_function.sql
05:17:51.633 [main] INFO  JDBC.repository.FunctionRepository - Operation completed: function added with ID 17 (saved as whole, not point by point)
05:17:51.633 [main] INFO  JDBC.repository.FunctionRepository - Operation start: adding a function beta
05:17:51.713 [main] INFO  J.r.database.DatabaseConnection - Successful connection to the database
05:17:51.714 [main] INFO  JDBC.repository.SqlHelper - SQL файл успешно загружен: scripts/functions/insert_function.sql
05:17:51.721 [main] INFO  JDBC.repository.FunctionRepository - Operation completed: function added with ID 18 (saved as whole, not point by point)
05:17:51.721 [main] INFO  JDBC.repository.FunctionRepository - Search for functions sorted by name
05:17:51.888 [main] INFO  J.r.database.DatabaseConnection - Successful connection to the database
05:17:51.891 [main] INFO  JDBC.repository.SqlHelper - SQL файл успешно загружен: scripts/functions/select_functions_sorted_name.sql
05:17:51.894 [main] INFO  JDBC.repository.Mapper - Mapping ResultSet to Function DTO
05:17:51.894 [main] INFO  JDBC.repository.Mapper - Mapping ResultSet to Function DTO
05:17:51.894 [main] INFO  JDBC.repository.Mapper - Mapping ResultSet to Function DTO
05:17:51.894 [main] INFO  JDBC.repository.FunctionRepository - Found 3 sorted functions
05:17:51.970 [main] INFO  J.r.database.DatabaseConnection - Successful connection to the database
]]></system-out>
  </testcase>
  <testcase name="testFindById" classname="repository.FunctionRepositoryTest" time="0.812">
    <system-out><![CDATA[05:17:52.051 [main] INFO  J.r.database.DatabaseConnection - Successful connection to the database
05:17:52.121 [main] INFO  J.r.database.DatabaseConnection - Successful connection to the database
05:17:52.137 [main] INFO  JDBC.repository.UserRepository - Operation start: adding a user bob_1767748672137_1
05:17:52.213 [main] INFO  J.r.database.DatabaseConnection - Successful connection to the database
05:17:52.213 [main] INFO  JDBC.repository.SqlHelper - SQL файл успешно загружен: scripts/users/insert_user.sql
05:17:52.216 [main] INFO  JDBC.repository.UserRepository - The operation is completed: the user has been added with the ID 1
05:17:52.216 [main] INFO  JDBC.repository.UserRepository - Operation start: adding a user pop_1767748672137_1
05:17:52.294 [main] INFO  J.r.database.DatabaseConnection - Successful connection to the database
05:17:52.295 [main] INFO  JDBC.repository.SqlHelper - SQL файл успешно загружен: scripts/users/insert_user.sql
05:17:52.299 [main] INFO  JDBC.repository.UserRepository - The operation is completed: the user has been added with the ID 2
05:17:52.300 [main] INFO  JDBC.repository.FunctionRepository - Operation start: adding a function sin(x)
05:17:52.485 [main] INFO  J.r.database.DatabaseConnection - Successful connection to the database
05:17:52.486 [main] INFO  JDBC.repository.SqlHelper - SQL файл успешно загружен: scripts/functions/insert_function.sql
05:17:52.491 [main] INFO  JDBC.repository.FunctionRepository - Operation completed: function added with ID 19 (saved as whole, not point by point)
05:17:52.491 [main] INFO  JDBC.repository.FunctionRepository - Operation start: adding a function cos(x)
05:17:52.560 [main] INFO  J.r.database.DatabaseConnection - Successful connection to the database
05:17:52.560 [main] INFO  JDBC.repository.SqlHelper - SQL файл успешно загружен: scripts/functions/insert_function.sql
05:17:52.575 [main] INFO  JDBC.repository.FunctionRepository - Operation completed: function added with ID 20 (saved as whole, not point by point)
05:17:52.575 [main] INFO  JDBC.repository.FunctionRepository - Operation start: adding a function x^2
05:17:52.638 [main] INFO  J.r.database.DatabaseConnection - Successful connection to the database
05:17:52.639 [main] INFO  JDBC.repository.SqlHelper - SQL файл успешно загружен: scripts/functions/insert_function.sql
05:17:52.644 [main] INFO  JDBC.repository.FunctionRepository - Operation completed: function added with ID 21 (saved as whole, not point by point)
05:17:52.645 [main] INFO  JDBC.repository.FunctionRepository - Operation start: function search by ID 19
05:17:52.706 [main] INFO  J.r.database.DatabaseConnection - Successful connection to the database
05:17:52.708 [main] INFO  JDBC.repository.SqlHelper - SQL файл успешно загружен: scripts/functions/select_function_id.sql
05:17:52.712 [main] INFO  JDBC.repository.FunctionRepository - Operation completed: function found
05:17:52.712 [main] INFO  JDBC.repository.Mapper - Mapping ResultSet to Function DTO
05:17:52.781 [main] INFO  J.r.database.DatabaseConnection - Successful connection to the database
]]></system-out>
  </testcase>
  <testcase name="testFindAllSortedByNameEmpty" classname="repository.FunctionRepositoryTest" time="0.728">
    <system-out><![CDATA[05:17:52.866 [main] INFO  J.r.database.DatabaseConnection - Successful connection to the database
05:17:52.930 [main] INFO  J.r.database.DatabaseConnection - Successful connection to the database
05:17:52.938 [main] INFO  JDBC.repository.UserRepository - Operation start: adding a user bob_1767748672938_1
05:17:53.013 [main] INFO  J.r.database.DatabaseConnection - Successful connection to the database
05:17:53.014 [main] INFO  JDBC.repository.SqlHelper - SQL файл успешно загружен: scripts/users/insert_user.sql
05:17:53.017 [main] INFO  JDBC.repository.UserRepository - The operation is completed: the user has been added with the ID 1
05:17:53.018 [main] INFO  JDBC.repository.UserRepository - Operation start: adding a user pop_1767748672938_1
05:17:53.083 [main] INFO  J.r.database.DatabaseConnection - Successful connection to the database
05:17:53.084 [main] INFO  JDBC.repository.SqlHelper - SQL файл успешно загружен: scripts/users/insert_user.sql
05:17:53.086 [main] INFO  JDBC.repository.UserRepository - The operation is completed: the user has been added with the ID 2
05:17:53.087 [main] INFO  JDBC.repository.FunctionRepository - Operation start: adding a function sin(x)
05:17:53.150 [main] INFO  J.r.database.DatabaseConnection - Successful connection to the database
05:17:53.151 [main] INFO  JDBC.repository.SqlHelper - SQL файл успешно загружен: scripts/functions/insert_function.sql
05:17:53.155 [main] INFO  JDBC.repository.FunctionRepository - Operation completed: function added with ID 22 (saved as whole, not point by point)
05:17:53.156 [main] INFO  JDBC.repository.FunctionRepository - Operation start: adding a function cos(x)
05:17:53.227 [main] INFO  J.r.database.DatabaseConnection - Successful connection to the database
05:17:53.228 [main] INFO  JDBC.repository.SqlHelper - SQL файл успешно загружен: scripts/functions/insert_function.sql
05:17:53.233 [main] INFO  JDBC.repository.FunctionRepository - Operation completed: function added with ID 23 (saved as whole, not point by point)
05:17:53.234 [main] INFO  JDBC.repository.FunctionRepository - Operation start: adding a function x^2
05:17:53.295 [main] INFO  J.r.database.DatabaseConnection - Successful connection to the database
05:17:53.295 [main] INFO  JDBC.repository.SqlHelper - SQL файл успешно загружен: scripts/functions/insert_function.sql
05:17:53.301 [main] INFO  JDBC.repository.FunctionRepository - Operation completed: function added with ID 24 (saved as whole, not point by point)
05:17:53.365 [main] INFO  J.r.database.DatabaseConnection - Successful connection to the database
05:17:53.372 [main] INFO  JDBC.repository.FunctionRepository - Search for functions sorted by name
05:17:53.450 [main] INFO  J.r.database.DatabaseConnection - Successful connection to the database
05:17:53.450 [main] INFO  JDBC.repository.SqlHelper - SQL файл успешно загружен: scripts/functions/select_functions_sorted_name.sql
05:17:53.453 [main] INFO  JDBC.repository.FunctionRepository - Found 0 sorted functions
05:17:53.514 [main] INFO  J.r.database.DatabaseConnection - Successful connection to the database
]]></system-out>
  </testcase>
  <testcase name="testDeleteFunctionOfUser2" classname="repository.FunctionRepositoryTest" time="0.932">
    <system-out><![CDATA[05:17:53.586 [main] INFO  J.r.database.DatabaseConnection - Successful connection to the database
05:17:53.661 [main] INFO  J.r.database.DatabaseConnection - Successful connection to the database
05:17:53.669 [main] INFO  JDBC.repository.UserRepository - Operation start: adding a user bob_1767748673669_1
05:17:53.730 [main] INFO  J.r.database.DatabaseConnection - Successful connection to the database
05:17:53.731 [main] INFO  JDBC.repository.SqlHelper - SQL файл успешно загружен: scripts/users/insert_user.sql
05:17:53.733 [main] INFO  JDBC.repository.UserRepository - The operation is completed: the user has been added with the ID 1
05:17:53.733 [main] INFO  JDBC.repository.UserRepository - Operation start: adding a user pop_1767748673669_1
05:17:53.801 [main] INFO  J.r.database.DatabaseConnection - Successful connection to the database
05:17:53.801 [main] INFO  JDBC.repository.SqlHelper - SQL файл успешно загружен: scripts/users/insert_user.sql
05:17:53.804 [main] INFO  JDBC.repository.UserRepository - The operation is completed: the user has been added with the ID 2
05:17:53.804 [main] INFO  JDBC.repository.FunctionRepository - Operation start: adding a function sin(x)
05:17:53.883 [main] INFO  J.r.database.DatabaseConnection - Successful connection to the database
05:17:53.884 [main] INFO  JDBC.repository.SqlHelper - SQL файл успешно загружен: scripts/functions/insert_function.sql
05:17:53.893 [main] INFO  JDBC.repository.FunctionRepository - Operation completed: function added with ID 25 (saved as whole, not point by point)
05:17:53.894 [main] INFO  JDBC.repository.FunctionRepository - Operation start: adding a function cos(x)
05:17:53.995 [main] INFO  J.r.database.DatabaseConnection - Successful connection to the database
05:17:53.996 [main] INFO  JDBC.repository.SqlHelper - SQL файл успешно загружен: scripts/functions/insert_function.sql
05:17:54.000 [main] INFO  JDBC.repository.FunctionRepository - Operation completed: function added with ID 26 (saved as whole, not point by point)
05:17:54.000 [main] INFO  JDBC.repository.FunctionRepository - Operation start: adding a function x^2
05:17:54.066 [main] INFO  J.r.database.DatabaseConnection - Successful connection to the database
05:17:54.066 [main] INFO  JDBC.repository.SqlHelper - SQL файл успешно загружен: scripts/functions/insert_function.sql
05:17:54.071 [main] INFO  JDBC.repository.FunctionRepository - Operation completed: function added with ID 27 (saved as whole, not point by point)
05:17:54.071 [main] INFO  JDBC.repository.FunctionRepository - Start of the operation: deleting the function from the ID 26
05:17:54.143 [main] INFO  J.r.database.DatabaseConnection - Successful connection to the database
05:17:54.143 [main] INFO  JDBC.repository.SqlHelper - SQL файл успешно загружен: scripts/functions/delete_function.sql
05:17:54.146 [main] INFO  JDBC.repository.FunctionRepository - Operation completed: the  function has been deleted
05:17:54.147 [main] INFO  JDBC.repository.FunctionRepository - Operation start: function search by ID 26
05:17:54.208 [main] INFO  J.r.database.DatabaseConnection - Successful connection to the database
05:17:54.208 [main] INFO  JDBC.repository.SqlHelper - SQL файл успешно загружен: scripts/functions/select_function_id.sql
05:17:54.211 [main] INFO  JDBC.repository.FunctionRepository - Operation completed: function with ID 26 not found
05:17:54.211 [main] INFO  JDBC.repository.FunctionRepository - Operation start: getting all the functions
05:17:54.274 [main] INFO  J.r.database.DatabaseConnection - Successful connection to the database
05:17:54.275 [main] INFO  JDBC.repository.SqlHelper - SQL файл успешно загружен: scripts/functions/select_all_functions.sql
05:17:54.277 [main] INFO  JDBC.repository.Mapper - Mapping ResultSet to Function DTO
05:17:54.277 [main] INFO  JDBC.repository.Mapper - Mapping ResultSet to Function DTO
05:17:54.277 [main] INFO  JDBC.repository.FunctionRepository - Operation completed: 2 functions found
05:17:54.445 [main] INFO  J.r.database.DatabaseConnection - Successful connection to the database
]]></system-out>
  </testcase>
  <testcase name="testUpdateNonExistent" classname="repository.FunctionRepositoryTest" time="0.66">
    <system-out><![CDATA[05:17:54.522 [main] INFO  J.r.database.DatabaseConnection - Successful connection to the database
05:17:54.595 [main] INFO  J.r.database.DatabaseConnection - Successful connection to the database
05:17:54.605 [main] INFO  JDBC.repository.UserRepository - Operation start: adding a user bob_1767748674605_1
05:17:54.669 [main] INFO  J.r.database.DatabaseConnection - Successful connection to the database
05:17:54.669 [main] INFO  JDBC.repository.SqlHelper - SQL файл успешно загружен: scripts/users/insert_user.sql
05:17:54.672 [main] INFO  JDBC.repository.UserRepository - The operation is completed: the user has been added with the ID 1
05:17:54.672 [main] INFO  JDBC.repository.UserRepository - Operation start: adding a user pop_1767748674605_1
05:17:54.735 [main] INFO  J.r.database.DatabaseConnection - Successful connection to the database
05:17:54.735 [main] INFO  JDBC.repository.SqlHelper - SQL файл успешно загружен: scripts/users/insert_user.sql
05:17:54.738 [main] INFO  JDBC.repository.UserRepository - The operation is completed: the user has been added with the ID 2
05:17:54.738 [main] INFO  JDBC.repository.FunctionRepository - Operation start: adding a function sin(x)
05:17:54.805 [main] INFO  J.r.database.DatabaseConnection - Successful connection to the database
05:17:54.807 [main] INFO  JDBC.repository.SqlHelper - SQL файл успешно загружен: scripts/functions/insert_function.sql
05:17:54.812 [main] INFO  JDBC.repository.FunctionRepository - Operation completed: function added with ID 28 (saved as whole, not point by point)
05:17:54.812 [main] INFO  JDBC.repository.FunctionRepository - Operation start: adding a function cos(x)
05:17:54.877 [main] INFO  J.r.database.DatabaseConnection - Successful connection to the database
05:17:54.877 [main] INFO  JDBC.repository.SqlHelper - SQL файл успешно загружен: scripts/functions/insert_function.sql
05:17:54.883 [main] INFO  JDBC.repository.FunctionRepository - Operation completed: function added with ID 29 (saved as whole, not point by point)
05:17:54.883 [main] INFO  JDBC.repository.FunctionRepository - Operation start: adding a function x^2
05:17:54.946 [main] INFO  J.r.database.DatabaseConnection - Successful connection to the database
05:17:54.946 [main] INFO  JDBC.repository.SqlHelper - SQL файл успешно загружен: scripts/functions/insert_function.sql
05:17:54.952 [main] INFO  JDBC.repository.FunctionRepository - Operation completed: function added with ID 30 (saved as whole, not point by point)
05:17:54.952 [main] INFO  JDBC.repository.FunctionRepository - Operation start: updating the function with ID 99999
05:17:55.021 [main] INFO  J.r.database.DatabaseConnection - Successful connection to the database
05:17:55.023 [main] INFO  JDBC.repository.SqlHelper - SQL файл успешно загружен: scripts/functions/update_function.sql
05:17:55.027 [main] INFO  JDBC.repository.FunctionRepository - Operation completed: the not  function has been updated (saved as whole, not point by point)
05:17:55.106 [main] INFO  J.r.database.DatabaseConnection - Successful connection to the database
]]></system-out>
  </testcase>
  <testcase name="testInsert" classname="repository.FunctionRepositoryTest" time="0.729">
    <system-out><![CDATA[05:17:55.190 [main] INFO  J.r.database.DatabaseConnection - Successful connection to the database
05:17:55.265 [main] INFO  J.r.database.DatabaseConnection - Successful connection to the database
05:17:55.276 [main] INFO  JDBC.repository.UserRepository - Operation start: adding a user bob_1767748675276_1
05:17:55.338 [main] INFO  J.r.database.DatabaseConnection - Successful connection to the database
05:17:55.338 [main] INFO  JDBC.repository.SqlHelper - SQL файл успешно загружен: scripts/users/insert_user.sql
05:17:55.340 [main] INFO  JDBC.repository.UserRepository - The operation is completed: the user has been added with the ID 1
05:17:55.341 [main] INFO  JDBC.repository.UserRepository - Operation start: adding a user pop_1767748675276_1
05:17:55.402 [main] INFO  J.r.database.DatabaseConnection - Successful connection to the database
05:17:55.403 [main] INFO  JDBC.repository.SqlHelper - SQL файл успешно загружен: scripts/users/insert_user.sql
05:17:55.405 [main] INFO  JDBC.repository.UserRepository - The operation is completed: the user has been added with the ID 2
05:17:55.406 [main] INFO  JDBC.repository.FunctionRepository - Operation start: adding a function sin(x)
05:17:55.467 [main] INFO  J.r.database.DatabaseConnection - Successful connection to the database
05:17:55.468 [main] INFO  JDBC.repository.SqlHelper - SQL файл успешно загружен: scripts/functions/insert_function.sql
05:17:55.473 [main] INFO  JDBC.repository.FunctionRepository - Operation completed: function added with ID 31 (saved as whole, not point by point)
05:17:55.473 [main] INFO  JDBC.repository.FunctionRepository - Operation start: adding a function cos(x)
05:17:55.546 [main] INFO  J.r.database.DatabaseConnection - Successful connection to the database
05:17:55.547 [main] INFO  JDBC.repository.SqlHelper - SQL файл успешно загружен: scripts/functions/insert_function.sql
05:17:55.552 [main] INFO  JDBC.repository.FunctionRepository - Operation completed: function added with ID 32 (saved as whole, not point by point)
05:17:55.552 [main] INFO  JDBC.repository.FunctionRepository - Operation start: adding a function x^2
05:17:55.615 [main] INFO  J.r.database.DatabaseConnection - Successful connection to the database
05:17:55.616 [main] INFO  JDBC.repository.SqlHelper - SQL файл успешно загружен: scripts/functions/insert_function.sql
05:17:55.619 [main] INFO  JDBC.repository.FunctionRepository - Operation completed: function added with ID 33 (saved as whole, not point by point)
05:17:55.620 [main] INFO  JDBC.repository.FunctionRepository - Operation start: adding a function tan(x)
05:17:55.683 [main] INFO  J.r.database.DatabaseConnection - Successful connection to the database
05:17:55.684 [main] INFO  JDBC.repository.SqlHelper - SQL файл успешно загружен: scripts/functions/insert_function.sql
05:17:55.688 [main] INFO  JDBC.repository.FunctionRepository - Operation completed: function added with ID 34 (saved as whole, not point by point)
05:17:55.688 [main] INFO  JDBC.repository.FunctionRepository - Operation start: function search by ID 34
05:17:55.764 [main] INFO  J.r.database.DatabaseConnection - Successful connection to the database
05:17:55.764 [main] INFO  JDBC.repository.SqlHelper - SQL файл успешно загружен: scripts/functions/select_function_id.sql
05:17:55.767 [main] INFO  JDBC.repository.FunctionRepository - Operation completed: function found
05:17:55.767 [main] INFO  JDBC.repository.Mapper - Mapping ResultSet to Function DTO
05:17:55.836 [main] INFO  J.r.database.DatabaseConnection - Successful connection to the database
]]></system-out>
  </testcase>
  <testcase name="testFindByIdNonExistent" classname="repository.FunctionRepositoryTest" time="0.644">
    <system-out><![CDATA[05:17:55.904 [main] INFO  J.r.database.DatabaseConnection - Successful connection to the database
05:17:55.978 [main] INFO  J.r.database.DatabaseConnection - Successful connection to the database
05:17:55.994 [main] INFO  JDBC.repository.UserRepository - Operation start: adding a user bob_1767748675994_1
05:17:56.056 [main] INFO  J.r.database.DatabaseConnection - Successful connection to the database
05:17:56.057 [main] INFO  JDBC.repository.SqlHelper - SQL файл успешно загружен: scripts/users/insert_user.sql
05:17:56.059 [main] INFO  JDBC.repository.UserRepository - The operation is completed: the user has been added with the ID 1
05:17:56.060 [main] INFO  JDBC.repository.UserRepository - Operation start: adding a user pop_1767748675994_1
05:17:56.120 [main] INFO  J.r.database.DatabaseConnection - Successful connection to the database
05:17:56.121 [main] INFO  JDBC.repository.SqlHelper - SQL файл успешно загружен: scripts/users/insert_user.sql
05:17:56.124 [main] INFO  JDBC.repository.UserRepository - The operation is completed: the user has been added with the ID 2
05:17:56.124 [main] INFO  JDBC.repository.FunctionRepository - Operation start: adding a function sin(x)
05:17:56.185 [main] INFO  J.r.database.DatabaseConnection - Successful connection to the database
05:17:56.186 [main] INFO  JDBC.repository.SqlHelper - SQL файл успешно загружен: scripts/functions/insert_function.sql
05:17:56.191 [main] INFO  JDBC.repository.FunctionRepository - Operation completed: function added with ID 35 (saved as whole, not point by point)
05:17:56.192 [main] INFO  JDBC.repository.FunctionRepository - Operation start: adding a function cos(x)
05:17:56.264 [main] INFO  J.r.database.DatabaseConnection - Successful connection to the database
05:17:56.265 [main] INFO  JDBC.repository.SqlHelper - SQL файл успешно загружен: scripts/functions/insert_function.sql
05:17:56.270 [main] INFO  JDBC.repository.FunctionRepository - Operation completed: function added with ID 36 (saved as whole, not point by point)
05:17:56.270 [main] INFO  JDBC.repository.FunctionRepository - Operation start: adding a function x^2
05:17:56.336 [main] INFO  J.r.database.DatabaseConnection - Successful connection to the database
05:17:56.336 [main] INFO  JDBC.repository.SqlHelper - SQL файл успешно загружен: scripts/functions/insert_function.sql
05:17:56.340 [main] INFO  JDBC.repository.FunctionRepository - Operation completed: function added with ID 37 (saved as whole, not point by point)
05:17:56.340 [main] INFO  JDBC.repository.FunctionRepository - Operation start: function search by ID 99999
05:17:56.411 [main] INFO  J.r.database.DatabaseConnection - Successful connection to the database
05:17:56.412 [main] INFO  JDBC.repository.SqlHelper - SQL файл успешно загружен: scripts/functions/select_function_id.sql
05:17:56.414 [main] INFO  JDBC.repository.FunctionRepository - Operation completed: function with ID 99999 not found
05:17:56.481 [main] INFO  J.r.database.DatabaseConnection - Successful connection to the database
]]></system-out>
  </testcase>
  <testcase name="testUpdate" classname="repository.FunctionRepositoryTest" time="1.041">
    <system-out><![CDATA[05:17:56.610 [main] INFO  J.r.database.DatabaseConnection - Successful connection to the database
05:17:56.688 [main] INFO  J.r.database.DatabaseConnection - Successful connection to the database
05:17:56.700 [main] INFO  JDBC.repository.UserRepository - Operation start: adding a user bob_1767748676700_1
05:17:56.898 [main] INFO  J.r.database.DatabaseConnection - Successful connection to the database
05:17:56.899 [main] INFO  JDBC.repository.SqlHelper - SQL файл успешно загружен: scripts/users/insert_user.sql
05:17:56.904 [main] INFO  JDBC.repository.UserRepository - The operation is completed: the user has been added with the ID 1
05:17:56.904 [main] INFO  JDBC.repository.UserRepository - Operation start: adding a user pop_1767748676700_1
05:17:56.983 [main] INFO  J.r.database.DatabaseConnection - Successful connection to the database
05:17:56.984 [main] INFO  JDBC.repository.SqlHelper - SQL файл успешно загружен: scripts/users/insert_user.sql
05:17:56.987 [main] INFO  JDBC.repository.UserRepository - The operation is completed: the user has been added with the ID 2
05:17:56.988 [main] INFO  JDBC.repository.FunctionRepository - Operation start: adding a function sin(x)
05:17:57.080 [main] INFO  J.r.database.DatabaseConnection - Successful connection to the database
05:17:57.081 [main] INFO  JDBC.repository.SqlHelper - SQL файл успешно загружен: scripts/functions/insert_function.sql
05:17:57.087 [main] INFO  JDBC.repository.FunctionRepository - Operation completed: function added with ID 38 (saved as whole, not point by point)
05:17:57.087 [main] INFO  JDBC.repository.FunctionRepository - Operation start: adding a function cos(x)
05:17:57.152 [main] INFO  J.r.database.DatabaseConnection - Successful connection to the database
05:17:57.153 [main] INFO  JDBC.repository.SqlHelper - SQL файл успешно загружен: scripts/functions/insert_function.sql
05:17:57.160 [main] INFO  JDBC.repository.FunctionRepository - Operation completed: function added with ID 39 (saved as whole, not point by point)
05:17:57.160 [main] INFO  JDBC.repository.FunctionRepository - Operation start: adding a function x^2
05:17:57.229 [main] INFO  J.r.database.DatabaseConnection - Successful connection to the database
05:17:57.230 [main] INFO  JDBC.repository.SqlHelper - SQL файл успешно загружен: scripts/functions/insert_function.sql
05:17:57.234 [main] INFO  JDBC.repository.FunctionRepository - Operation completed: function added with ID 40 (saved as whole, not point by point)
05:17:57.235 [main] INFO  JDBC.repository.FunctionRepository - Operation start: function search by ID 38
05:17:57.300 [main] INFO  J.r.database.DatabaseConnection - Successful connection to the database
05:17:57.301 [main] INFO  JDBC.repository.SqlHelper - SQL файл успешно загружен: scripts/functions/select_function_id.sql
05:17:57.303 [main] INFO  JDBC.repository.FunctionRepository - Operation completed: function found
05:17:57.303 [main] INFO  JDBC.repository.Mapper - Mapping ResultSet to Function DTO
05:17:57.303 [main] INFO  JDBC.repository.FunctionRepository - Operation start: updating the function with ID 38
05:17:57.372 [main] INFO  J.r.database.DatabaseConnection - Successful connection to the database
05:17:57.373 [main] INFO  JDBC.repository.SqlHelper - SQL файл успешно загружен: scripts/functions/update_function.sql
05:17:57.378 [main] INFO  JDBC.repository.FunctionRepository - Operation completed: the  function has been updated (saved as whole, not point by point)
05:17:57.379 [main] INFO  JDBC.repository.FunctionRepository - Operation start: function search by ID 38
05:17:57.452 [main] INFO  J.r.database.DatabaseConnection - Successful connection to the database
05:17:57.453 [main] INFO  JDBC.repository.SqlHelper - SQL файл успешно загружен: scripts/functions/select_function_id.sql
05:17:57.455 [main] INFO  JDBC.repository.FunctionRepository - Operation completed: function found
05:17:57.455 [main] INFO  JDBC.repository.Mapper - Mapping ResultSet to Function DTO
05:17:57.520 [main] INFO  J.r.database.DatabaseConnection - Successful connection to the database
]]></system-out>
  </testcase>
</testsuite>