<?xml version="1.0" encoding="UTF-8"?>
<testsuite xmlns:xsi="http://www.w3.org/2001/XMLSchema-instance" xsi:noNamespaceSchemaLocation="https://maven.apache.org/surefire/maven-surefire-plugin/xsd/surefire-test-report-3.0.xsd" version="3.0" name="repository.UserRepositoryTest" time="2.519" tests="12" errors="0" skipped="0" failures="0">
  <properties>
[...]
</properties>
  <testcase name="testDeleteNonExistent" classname="repository.UserRepositoryTest" time="0.215">
    <system-out><![CDATA[02:41:27.668 [main] INFO  J.r.database.DatabaseConnection - Successful connection to the database
02:41:27.670 [main] INFO  JDBC.repository.UserRepository - Operation start: adding a user user1
02:41:27.795 [main] INFO  J.r.database.DatabaseConnection - Successful connection to the database
02:41:27.795 [main] INFO  JDBC.repository.SqlHelper - SQL файл успешно загружен: scripts/users/insert_user.sql
02:41:27.796 [main] INFO  JDBC.repository.UserRepository - The operation is completed: the user has been added with the ID 1
02:41:27.796 [main] INFO  JDBC.repository.UserRepository - Operation start: adding a user user2
02:41:27.817 [main] INFO  J.r.database.DatabaseConnection - Successful connection to the database
02:41:27.817 [main] INFO  JDBC.repository.SqlHelper - SQL файл успешно загружен: scripts/users/insert_user.sql
02:41:27.818 [main] INFO  JDBC.repository.UserRepository - The operation is completed: the user has been added with the ID 2
02:41:27.818 [main] INFO  JDBC.repository.UserRepository - Start of the operation: deleting a user with an ID 99999
02:41:27.838 [main] INFO  J.r.database.DatabaseConnection - Successful connection to the database
02:41:27.838 [main] INFO  JDBC.repository.SqlHelper - SQL файл успешно загружен: scripts/users/delete_user.sql
02:41:27.839 [main] INFO  JDBC.repository.UserRepository - Operation completed: user not  deleted
02:41:27.861 [main] INFO  J.r.database.DatabaseConnection - Successful connection to the database
]]></system-out>
  </testcase>
  <testcase name="testFindAll" classname="repository.UserRepositoryTest" time="0.219">
    <system-out><![CDATA[02:41:27.994 [main] INFO  J.r.database.DatabaseConnection - Successful connection to the database
02:41:27.996 [main] INFO  JDBC.repository.UserRepository - Operation start: adding a user user1
02:41:28.017 [main] INFO  J.r.database.DatabaseConnection - Successful connection to the database
02:41:28.017 [main] INFO  JDBC.repository.SqlHelper - SQL файл успешно загружен: scripts/users/insert_user.sql
02:41:28.018 [main] INFO  JDBC.repository.UserRepository - The operation is completed: the user has been added with the ID 3
02:41:28.018 [main] INFO  JDBC.repository.UserRepository - Operation start: adding a user user2
02:41:28.037 [main] INFO  J.r.database.DatabaseConnection - Successful connection to the database
02:41:28.037 [main] INFO  JDBC.repository.SqlHelper - SQL файл успешно загружен: scripts/users/insert_user.sql
02:41:28.038 [main] INFO  JDBC.repository.UserRepository - The operation is completed: the user has been added with the ID 4
02:41:28.038 [main] INFO  JDBC.repository.UserRepository - Operation start: getting all users
02:41:28.058 [main] INFO  J.r.database.DatabaseConnection - Successful connection to the database
02:41:28.059 [main] INFO  JDBC.repository.SqlHelper - SQL файл успешно загружен: scripts/users/select_all_users.sql
02:41:28.059 [main] INFO  JDBC.repository.UserRepository - ResultSet successfully obtained
02:41:28.059 [main] INFO  JDBC.repository.Mapper - Mapping ResultSet to User DTO
02:41:28.059 [main] INFO  JDBC.repository.Mapper - Mapping ResultSet to User DTO
02:41:28.059 [main] INFO  JDBC.repository.UserRepository - Operation completed: 2 users found
02:41:28.081 [main] INFO  J.r.database.DatabaseConnection - Successful connection to the database
]]></system-out>
  </testcase>
  <testcase name="testFindAllSortedByUsername" classname="repository.UserRepositoryTest" time="0.41">
    <system-out><![CDATA[02:41:28.103 [main] INFO  J.r.database.DatabaseConnection - Successful connection to the database
02:41:28.105 [main] INFO  JDBC.repository.UserRepository - Operation start: adding a user user1
02:41:28.229 [main] INFO  J.r.database.DatabaseConnection - Successful connection to the database
02:41:28.229 [main] INFO  JDBC.repository.SqlHelper - SQL файл успешно загружен: scripts/users/insert_user.sql
02:41:28.230 [main] INFO  JDBC.repository.UserRepository - The operation is completed: the user has been added with the ID 5
02:41:28.230 [main] INFO  JDBC.repository.UserRepository - Operation start: adding a user user2
02:41:28.250 [main] INFO  J.r.database.DatabaseConnection - Successful connection to the database
02:41:28.250 [main] INFO  JDBC.repository.SqlHelper - SQL файл успешно загружен: scripts/users/insert_user.sql
02:41:28.251 [main] INFO  JDBC.repository.UserRepository - The operation is completed: the user has been added with the ID 6
02:41:28.271 [main] INFO  J.r.database.DatabaseConnection - Successful connection to the database
02:41:28.273 [main] INFO  JDBC.repository.UserRepository - Operation start: adding a user charlie
02:41:28.295 [main] INFO  J.r.database.DatabaseConnection - Successful connection to the database
02:41:28.295 [main] INFO  JDBC.repository.SqlHelper - SQL файл успешно загружен: scripts/users/insert_user.sql
02:41:28.296 [main] INFO  JDBC.repository.UserRepository - The operation is completed: the user has been added with the ID 7
02:41:28.296 [main] INFO  JDBC.repository.UserRepository - Operation start: adding a user alice
02:41:28.316 [main] INFO  J.r.database.DatabaseConnection - Successful connection to the database
02:41:28.316 [main] INFO  JDBC.repository.SqlHelper - SQL файл успешно загружен: scripts/users/insert_user.sql
02:41:28.317 [main] INFO  JDBC.repository.UserRepository - The operation is completed: the user has been added with the ID 8
02:41:28.317 [main] INFO  JDBC.repository.UserRepository - Operation start: adding a user bob
02:41:28.447 [main] INFO  J.r.database.DatabaseConnection - Successful connection to the database
02:41:28.447 [main] INFO  JDBC.repository.SqlHelper - SQL файл успешно загружен: scripts/users/insert_user.sql
02:41:28.449 [main] INFO  JDBC.repository.UserRepository - The operation is completed: the user has been added with the ID 9
02:41:28.449 [main] INFO  JDBC.repository.UserRepository - Search for users sorted by username
02:41:28.469 [main] INFO  J.r.database.DatabaseConnection - Successful connection to the database
02:41:28.469 [main] INFO  JDBC.repository.SqlHelper - SQL файл успешно загружен: scripts/users/select_users_sorted_username.sql
02:41:28.470 [main] INFO  JDBC.repository.Mapper - Mapping ResultSet to User DTO
02:41:28.470 [main] INFO  JDBC.repository.Mapper - Mapping ResultSet to User DTO
02:41:28.470 [main] INFO  JDBC.repository.Mapper - Mapping ResultSet to User DTO
02:41:28.470 [main] INFO  JDBC.repository.UserRepository - Found 3 sorted users
02:41:28.491 [main] INFO  J.r.database.DatabaseConnection - Successful connection to the database
]]></system-out>
  </testcase>
  <testcase name="testFindById" classname="repository.UserRepositoryTest" time="0.21">
    <system-out><![CDATA[02:41:28.616 [main] INFO  J.r.database.DatabaseConnection - Successful connection to the database
02:41:28.618 [main] INFO  JDBC.repository.UserRepository - Operation start: adding a user user1
02:41:28.639 [main] INFO  J.r.database.DatabaseConnection - Successful connection to the database
02:41:28.639 [main] INFO  JDBC.repository.SqlHelper - SQL файл успешно загружен: scripts/users/insert_user.sql
02:41:28.640 [main] INFO  JDBC.repository.UserRepository - The operation is completed: the user has been added with the ID 10
02:41:28.640 [main] INFO  JDBC.repository.UserRepository - Operation start: adding a user user2
02:41:28.660 [main] INFO  J.r.database.DatabaseConnection - Successful connection to the database
02:41:28.660 [main] INFO  JDBC.repository.SqlHelper - SQL файл успешно загружен: scripts/users/insert_user.sql
02:41:28.661 [main] INFO  JDBC.repository.UserRepository - The operation is completed: the user has been added with the ID 11
02:41:28.661 [main] INFO  JDBC.repository.UserRepository - Operation start: user ID search 10
02:41:28.681 [main] INFO  J.r.database.DatabaseConnection - Successful connection to the database
02:41:28.681 [main] INFO  JDBC.repository.SqlHelper - SQL файл успешно загружен: scripts/users/select_user_id.sql
02:41:28.682 [main] INFO  JDBC.repository.UserRepository - Operation completed: the user has been found
02:41:28.682 [main] INFO  JDBC.repository.Mapper - Mapping ResultSet to User DTO
02:41:28.702 [main] INFO  J.r.database.DatabaseConnection - Successful connection to the database
]]></system-out>
  </testcase>
  <testcase name="testFindByUsername" classname="repository.UserRepositoryTest" time="0.108">
    <system-out><![CDATA[02:41:28.724 [main] INFO  J.r.database.DatabaseConnection - Successful connection to the database
02:41:28.725 [main] INFO  JDBC.repository.UserRepository - Operation start: adding a user user1
02:41:28.746 [main] INFO  J.r.database.DatabaseConnection - Successful connection to the database
02:41:28.746 [main] INFO  JDBC.repository.SqlHelper - SQL файл успешно загружен: scripts/users/insert_user.sql
02:41:28.747 [main] INFO  JDBC.repository.UserRepository - The operation is completed: the user has been added with the ID 12
02:41:28.747 [main] INFO  JDBC.repository.UserRepository - Operation start: adding a user user2
02:41:28.768 [main] INFO  J.r.database.DatabaseConnection - Successful connection to the database
02:41:28.768 [main] INFO  JDBC.repository.SqlHelper - SQL файл успешно загружен: scripts/users/insert_user.sql
02:41:28.769 [main] INFO  JDBC.repository.UserRepository - The operation is completed: the user has been added with the ID 13
02:41:28.789 [main] INFO  J.r.database.DatabaseConnection - Successful connection to the database
02:41:28.790 [main] INFO  JDBC.repository.SqlHelper - SQL файл успешно загружен: scripts/users/select_user_username.sql
02:41:28.791 [main] INFO  JDBC.repository.Mapper - Mapping ResultSet to User DTO
02:41:28.810 [main] INFO  J.r.database.DatabaseConnection - Successful connection to the database
]]></system-out>
  </testcase>
  <testcase name="testFindByUsernameNonExistent" classname="repository.UserRepositoryTest" time="0.224">
    <system-out><![CDATA[02:41:28.832 [main] INFO  J.r.database.DatabaseConnection - Successful connection to the database
02:41:28.833 [main] INFO  JDBC.repository.UserRepository - Operation start: adding a user user1
02:41:28.854 [main] INFO  J.r.database.DatabaseConnection - Successful connection to the database
02:41:28.854 [main] INFO  JDBC.repository.SqlHelper - SQL файл успешно загружен: scripts/users/insert_user.sql
02:41:28.855 [main] INFO  JDBC.repository.UserRepository - The operation is completed: the user has been added with the ID 14
02:41:28.855 [main] INFO  JDBC.repository.UserRepository - Operation start: adding a user user2
02:41:28.989 [main] INFO  J.r.database.DatabaseConnection - Successful connection to the database
02:41:28.989 [main] INFO  JDBC.repository.SqlHelper - SQL файл успешно загружен: scripts/users/insert_user.sql
02:41:28.990 [main] INFO  JDBC.repository.UserRepository - The operation is completed: the user has been added with the ID 15
02:41:29.012 [main] INFO  J.r.database.DatabaseConnection - Successful connection to the database
02:41:29.012 [main] INFO  JDBC.repository.SqlHelper - SQL файл успешно загружен: scripts/users/select_user_username.sql
02:41:29.034 [main] INFO  J.r.database.DatabaseConnection - Successful connection to the database
]]></system-out>
  </testcase>
  <testcase name="testDelete" classname="repository.UserRepositoryTest" time="0.147">
    <system-out><![CDATA[02:41:29.056 [main] INFO  J.r.database.DatabaseConnection - Successful connection to the database
02:41:29.057 [main] INFO  JDBC.repository.UserRepository - Operation start: adding a user user1
02:41:29.077 [main] INFO  J.r.database.DatabaseConnection - Successful connection to the database
02:41:29.077 [main] INFO  JDBC.repository.SqlHelper - SQL файл успешно загружен: scripts/users/insert_user.sql
02:41:29.078 [main] INFO  JDBC.repository.UserRepository - The operation is completed: the user has been added with the ID 16
02:41:29.078 [main] INFO  JDBC.repository.UserRepository - Operation start: adding a user user2
02:41:29.097 [main] INFO  J.r.database.DatabaseConnection - Successful connection to the database
02:41:29.097 [main] INFO  JDBC.repository.SqlHelper - SQL файл успешно загружен: scripts/users/insert_user.sql
02:41:29.098 [main] INFO  JDBC.repository.UserRepository - The operation is completed: the user has been added with the ID 17
02:41:29.098 [main] INFO  JDBC.repository.UserRepository - Start of the operation: deleting a user with an ID 17
02:41:29.118 [main] INFO  J.r.database.DatabaseConnection - Successful connection to the database
02:41:29.119 [main] INFO  JDBC.repository.SqlHelper - SQL файл успешно загружен: scripts/users/delete_user.sql
02:41:29.120 [main] INFO  JDBC.repository.UserRepository - Operation completed: user  deleted
02:41:29.120 [main] INFO  JDBC.repository.UserRepository - Operation start: user ID search 17
02:41:29.140 [main] INFO  J.r.database.DatabaseConnection - Successful connection to the database
02:41:29.140 [main] INFO  JDBC.repository.SqlHelper - SQL файл успешно загружен: scripts/users/select_user_id.sql
02:41:29.140 [main] INFO  JDBC.repository.UserRepository - The operation was completed: the user with ID 17 was not found
02:41:29.140 [main] INFO  JDBC.repository.UserRepository - Operation start: getting all users
02:41:29.160 [main] INFO  J.r.database.DatabaseConnection - Successful connection to the database
02:41:29.160 [main] INFO  JDBC.repository.SqlHelper - SQL файл успешно загружен: scripts/users/select_all_users.sql
02:41:29.161 [main] INFO  JDBC.repository.UserRepository - ResultSet successfully obtained
02:41:29.161 [main] INFO  JDBC.repository.Mapper - Mapping ResultSet to User DTO
02:41:29.161 [main] INFO  JDBC.repository.UserRepository - Operation completed: 1 users found
02:41:29.181 [main] INFO  J.r.database.DatabaseConnection - Successful connection to the database
]]></system-out>
  </testcase>
  <testcase name="testFindAllSortedByUsernameEmpty" classname="repository.UserRepositoryTest" time="0.253">
    <system-out><![CDATA[02:41:29.204 [main] INFO  J.r.database.DatabaseConnection - Successful connection to the database
02:41:29.205 [main] INFO  JDBC.repository.UserRepository - Operation start: adding a user user1
02:41:29.226 [main] INFO  J.r.database.DatabaseConnection - Successful connection to the database
02:41:29.226 [main] INFO  JDBC.repository.SqlHelper - SQL файл успешно загружен: scripts/users/insert_user.sql
02:41:29.227 [main] INFO  JDBC.repository.UserRepository - The operation is completed: the user has been added with the ID 18
02:41:29.227 [main] INFO  JDBC.repository.UserRepository - Operation start: adding a user user2
02:41:29.348 [main] INFO  J.r.database.DatabaseConnection - Successful connection to the database
02:41:29.348 [main] INFO  JDBC.repository.SqlHelper - SQL файл успешно загружен: scripts/users/insert_user.sql
02:41:29.349 [main] INFO  JDBC.repository.UserRepository - The operation is completed: the user has been added with the ID 19
02:41:29.373 [main] INFO  J.r.database.DatabaseConnection - Successful connection to the database
02:41:29.375 [main] INFO  JDBC.repository.UserRepository - Search for users sorted by username
02:41:29.399 [main] INFO  J.r.database.DatabaseConnection - Successful connection to the database
02:41:29.399 [main] INFO  JDBC.repository.SqlHelper - SQL файл успешно загружен: scripts/users/select_users_sorted_username.sql
02:41:29.400 [main] INFO  JDBC.repository.UserRepository - Found 0 sorted users
02:41:29.434 [main] INFO  J.r.database.DatabaseConnection - Successful connection to the database
]]></system-out>
  </testcase>
  <testcase name="testUpdateNonExistent" classname="repository.UserRepositoryTest" time="0.129">
    <system-out><![CDATA[02:41:29.465 [main] INFO  J.r.database.DatabaseConnection - Successful connection to the database
02:41:29.467 [main] INFO  JDBC.repository.UserRepository - Operation start: adding a user user1
02:41:29.493 [main] INFO  J.r.database.DatabaseConnection - Successful connection to the database
02:41:29.494 [main] INFO  JDBC.repository.SqlHelper - SQL файл успешно загружен: scripts/users/insert_user.sql
02:41:29.495 [main] INFO  JDBC.repository.UserRepository - The operation is completed: the user has been added with the ID 20
02:41:29.495 [main] INFO  JDBC.repository.UserRepository - Operation start: adding a user user2
02:41:29.521 [main] INFO  J.r.database.DatabaseConnection - Successful connection to the database
02:41:29.521 [main] INFO  JDBC.repository.SqlHelper - SQL файл успешно загружен: scripts/users/insert_user.sql
02:41:29.522 [main] INFO  JDBC.repository.UserRepository - The operation is completed: the user has been added with the ID 21
02:41:29.522 [main] INFO  JDBC.repository.UserRepository - Start of the operation: updating the user with the ID 99999
02:41:29.542 [main] INFO  J.r.database.DatabaseConnection - Successful connection to the database
02:41:29.543 [main] INFO  JDBC.repository.SqlHelper - SQL файл успешно загружен: scripts/users/update_user.sql
02:41:29.543 [main] INFO  JDBC.repository.UserRepository - Operation completed: user not  updated
02:41:29.563 [main] INFO  J.r.database.DatabaseConnection - Successful connection to the database
]]></system-out>
  </testcase>
  <testcase name="testInsert" classname="repository.UserRepositoryTest" time="0.239">
    <system-out><![CDATA[02:41:29.586 [main] INFO  J.r.database.DatabaseConnection - Successful connection to the database
02:41:29.587 [main] INFO  JDBC.repository.UserRepository - Operation start: adding a user user1
02:41:29.607 [main] INFO  J.r.database.DatabaseConnection - Successful connection to the database
02:41:29.607 [main] INFO  JDBC.repository.SqlHelper - SQL файл успешно загружен: scripts/users/insert_user.sql
02:41:29.608 [main] INFO  JDBC.repository.UserRepository - The operation is completed: the user has been added with the ID 22
02:41:29.608 [main] INFO  JDBC.repository.UserRepository - Operation start: adding a user user2
02:41:29.737 [main] INFO  J.r.database.DatabaseConnection - Successful connection to the database
02:41:29.737 [main] INFO  JDBC.repository.SqlHelper - SQL файл успешно загружен: scripts/users/insert_user.sql
02:41:29.738 [main] INFO  JDBC.repository.UserRepository - The operation is completed: the user has been added with the ID 23
02:41:29.738 [main] INFO  JDBC.repository.UserRepository - Operation start: adding a user new user
02:41:29.759 [main] INFO  J.r.database.DatabaseConnection - Successful connection to the database
02:41:29.760 [main] INFO  JDBC.repository.SqlHelper - SQL файл успешно загружен: scripts/users/insert_user.sql
02:41:29.761 [main] INFO  JDBC.repository.UserRepository - The operation is completed: the user has been added with the ID 24
02:41:29.761 [main] INFO  JDBC.repository.UserRepository - Operation start: user ID search 24
02:41:29.781 [main] INFO  J.r.database.DatabaseConnection - Successful connection to the database
02:41:29.781 [main] INFO  JDBC.repository.SqlHelper - SQL файл успешно загружен: scripts/users/select_user_id.sql
02:41:29.782 [main] INFO  JDBC.repository.UserRepository - Operation completed: the user has been found
02:41:29.782 [main] INFO  JDBC.repository.Mapper - Mapping ResultSet to User DTO
02:41:29.802 [main] INFO  J.r.database.DatabaseConnection - Successful connection to the database
]]></system-out>
  </testcase>
  <testcase name="testFindByIdNonExistent" classname="repository.UserRepositoryTest" time="0.212">
    <system-out><![CDATA[02:41:29.825 [main] INFO  J.r.database.DatabaseConnection - Successful connection to the database
02:41:29.826 [main] INFO  JDBC.repository.UserRepository - Operation start: adding a user user1
02:41:29.845 [main] INFO  J.r.database.DatabaseConnection - Successful connection to the database
02:41:29.845 [main] INFO  JDBC.repository.SqlHelper - SQL файл успешно загружен: scripts/users/insert_user.sql
02:41:29.847 [main] INFO  JDBC.repository.UserRepository - The operation is completed: the user has been added with the ID 25
02:41:29.847 [main] INFO  JDBC.repository.UserRepository - Operation start: adding a user user2
02:41:29.972 [main] INFO  J.r.database.DatabaseConnection - Successful connection to the database
02:41:29.973 [main] INFO  JDBC.repository.SqlHelper - SQL файл успешно загружен: scripts/users/insert_user.sql
02:41:29.973 [main] INFO  JDBC.repository.UserRepository - The operation is completed: the user has been added with the ID 26
02:41:29.974 [main] INFO  JDBC.repository.UserRepository - Operation start: user ID search 99999
02:41:29.994 [main] INFO  J.r.database.DatabaseConnection - Successful connection to the database
02:41:29.994 [main] INFO  JDBC.repository.SqlHelper - SQL файл успешно загружен: scripts/users/select_user_id.sql
02:41:29.994 [main] INFO  JDBC.repository.UserRepository - The operation was completed: the user with ID 99999 was not found
02:41:30.014 [main] INFO  J.r.database.DatabaseConnection - Successful connection to the database
]]></system-out>
  </testcase>
  <testcase name="testUpdate" classname="repository.UserRepositoryTest" time="0.151">
    <system-out><![CDATA[02:41:30.036 [main] INFO  J.r.database.DatabaseConnection - Successful connection to the database
02:41:30.037 [main] INFO  JDBC.repository.UserRepository - Operation start: adding a user user1
02:41:30.057 [main] INFO  J.r.database.DatabaseConnection - Successful connection to the database
02:41:30.057 [main] INFO  JDBC.repository.SqlHelper - SQL файл успешно загружен: scripts/users/insert_user.sql
02:41:30.058 [main] INFO  JDBC.repository.UserRepository - The operation is completed: the user has been added with the ID 27
02:41:30.058 [main] INFO  JDBC.repository.UserRepository - Operation start: adding a user user2
02:41:30.079 [main] INFO  J.r.database.DatabaseConnection - Successful connection to the database
02:41:30.079 [main] INFO  JDBC.repository.SqlHelper - SQL файл успешно загружен: scripts/users/insert_user.sql
02:41:30.081 [main] INFO  JDBC.repository.UserRepository - The operation is completed: the user has been added with the ID 28
02:41:30.081 [main] INFO  JDBC.repository.UserRepository - Operation start: user ID search 27
02:41:30.101 [main] INFO  J.r.database.DatabaseConnection - Successful connection to the database
02:41:30.101 [main] INFO  JDBC.repository.SqlHelper - SQL файл успешно загружен: scripts/users/select_user_id.sql
02:41:30.102 [main] INFO  JDBC.repository.UserRepository - Operation completed: the user has been found
02:41:30.102 [main] INFO  JDBC.repository.Mapper - Mapping ResultSet to User DTO
02:41:30.102 [main] INFO  JDBC.repository.UserRepository - Start of the operation: updating the user with the ID 27
02:41:30.121 [main] INFO  J.r.database.DatabaseConnection - Successful connection to the database
02:41:30.121 [main] INFO  JDBC.repository.SqlHelper - SQL файл успешно загружен: scripts/users/update_user.sql
02:41:30.122 [main] INFO  JDBC.repository.UserRepository - Operation completed: user  updated
02:41:30.122 [main] INFO  JDBC.repository.UserRepository - Operation start: user ID search 27
02:41:30.143 [main] INFO  J.r.database.DatabaseConnection - Successful connection to the database
02:41:30.143 [main] INFO  JDBC.repository.SqlHelper - SQL файл успешно загружен: scripts/users/select_user_id.sql
02:41:30.144 [main] INFO  JDBC.repository.UserRepository - Operation completed: the user has been found
02:41:30.144 [main] INFO  JDBC.repository.Mapper - Mapping ResultSet to User DTO
02:41:30.165 [main] INFO  J.r.database.DatabaseConnection - Successful connection to the database
]]></system-out>
  </testcase>
</testsuite>