<?xml version="1.0" encoding="UTF-8"?>
<testsuite xmlns:xsi="http://www.w3.org/2001/XMLSchema-instance" xsi:noNamespaceSchemaLocation="https://maven.apache.org/surefire/maven-surefire-plugin/xsd/surefire-test-report-3.0.xsd" version="3.0" name="repository.PointRepositoryTest" time="15.03" tests="11" errors="0" skipped="0" failures="0">
  <properties>
[...]
</properties>
  <testcase name="testFindByFunctionId" classname="repository.PointRepositoryTest" time="1.802">
    <system-out><![CDATA[05:17:57.705 [main] INFO  J.r.database.DatabaseConnection - Successful connection to the database
05:17:57.803 [main] INFO  J.r.database.DatabaseConnection - Successful connection to the database
05:17:57.886 [main] INFO  J.r.database.DatabaseConnection - Successful connection to the database
05:17:57.901 [main] INFO  JDBC.repository.UserRepository - Operation start: adding a user bob_1767748677900_1
05:17:57.969 [main] INFO  J.r.database.DatabaseConnection - Successful connection to the database
05:17:57.969 [main] INFO  JDBC.repository.SqlHelper - SQL файл успешно загружен: scripts/users/insert_user.sql
05:17:57.971 [main] INFO  JDBC.repository.UserRepository - The operation is completed: the user has been added with the ID 1
05:17:57.972 [main] INFO  JDBC.repository.FunctionRepository - Operation start: adding a function f1
05:17:58.055 [main] INFO  J.r.database.DatabaseConnection - Successful connection to the database
05:17:58.056 [main] INFO  JDBC.repository.SqlHelper - SQL файл успешно загружен: scripts/functions/insert_function.sql
05:17:58.064 [main] INFO  JDBC.repository.FunctionRepository - Operation completed: function added with ID 41 (saved as whole, not point by point)
05:17:58.064 [main] INFO  JDBC.repository.FunctionRepository - Operation start: adding a function f2
05:17:58.174 [main] INFO  J.r.database.DatabaseConnection - Successful connection to the database
05:17:58.175 [main] INFO  JDBC.repository.SqlHelper - SQL файл успешно загружен: scripts/functions/insert_function.sql
05:17:58.182 [main] INFO  JDBC.repository.FunctionRepository - Operation completed: function added with ID 42 (saved as whole, not point by point)
05:17:58.184 [main] INFO  JDBC.repository.PointRepository - Starting the operation: adding a point for the ID function 41
05:17:58.266 [main] INFO  J.r.database.DatabaseConnection - Successful connection to the database
05:17:58.269 [main] INFO  JDBC.repository.SqlHelper - SQL файл успешно загружен: scripts/points/insert_point.sql
05:17:58.274 [main] INFO  JDBC.repository.PointRepository - The operation is completed: the point has been added
05:17:58.274 [main] INFO  JDBC.repository.PointRepository - Starting the operation: adding a point for the ID function 41
05:17:58.641 [main] INFO  J.r.database.DatabaseConnection - Successful connection to the database
05:17:58.642 [main] INFO  JDBC.repository.SqlHelper - SQL файл успешно загружен: scripts/points/insert_point.sql
05:17:58.650 [main] INFO  JDBC.repository.PointRepository - The operation is completed: the point has been added
05:17:58.650 [main] INFO  JDBC.repository.PointRepository - Starting the operation: adding a point for the ID function 41
05:17:58.746 [main] INFO  J.r.database.DatabaseConnection - Successful connection to the database
05:17:58.747 [main] INFO  JDBC.repository.SqlHelper - SQL файл успешно загружен: scripts/points/insert_point.sql
05:17:58.752 [main] INFO  JDBC.repository.PointRepository - The operation is completed: the point has been added
05:17:58.753 [main] INFO  JDBC.repository.PointRepository - Starting the operation: adding a point for the ID function 42
05:17:58.831 [main] INFO  J.r.database.DatabaseConnection - Successful connection to the database
05:17:58.831 [main] INFO  JDBC.repository.SqlHelper - SQL файл успешно загружен: scripts/points/insert_point.sql
05:17:58.835 [main] INFO  JDBC.repository.PointRepository - The operation is completed: the point has been added
05:17:58.835 [main] INFO  JDBC.repository.PointRepository - Starting the operation: adding a point for the ID function 42
05:17:58.912 [main] INFO  J.r.database.DatabaseConnection - Successful connection to the database
05:17:58.912 [main] INFO  JDBC.repository.SqlHelper - SQL файл успешно загружен: scripts/points/insert_point.sql
05:17:58.915 [main] INFO  JDBC.repository.PointRepository - The operation is completed: the point has been added
05:17:58.916 [main] INFO  JDBC.repository.PointRepository - Start of operation: obtaining points for the ID function 41
05:17:59.007 [main] INFO  J.r.database.DatabaseConnection - Successful connection to the database
05:17:59.008 [main] INFO  JDBC.repository.SqlHelper - SQL файл успешно загружен: scripts/points/select_all_points.sql
05:17:59.010 [main] INFO  JDBC.repository.Mapper - Mapping ResultSet to Point DTO
05:17:59.010 [main] INFO  JDBC.repository.Mapper - Mapping ResultSet to Point DTO
05:17:59.010 [main] INFO  JDBC.repository.Mapper - Mapping ResultSet to Point DTO
05:17:59.010 [main] INFO  JDBC.repository.PointRepository - The operation is complete: 3 points have been found for the function 41
05:17:59.010 [main] INFO  JDBC.repository.PointRepository - Start of operation: obtaining points for the ID function 42
05:17:59.082 [main] INFO  J.r.database.DatabaseConnection - Successful connection to the database
05:17:59.082 [main] INFO  JDBC.repository.SqlHelper - SQL файл успешно загружен: scripts/points/select_all_points.sql
05:17:59.084 [main] INFO  JDBC.repository.Mapper - Mapping ResultSet to Point DTO
05:17:59.084 [main] INFO  JDBC.repository.Mapper - Mapping ResultSet to Point DTO
05:17:59.084 [main] INFO  JDBC.repository.PointRepository - The operation is complete: 2 points have been found for the function 42
05:17:59.154 [main] INFO  J.r.database.DatabaseConnection - Successful connection to the database
05:17:59.243 [main] INFO  J.r.database.DatabaseConnection - Successful connection to the database
05:17:59.322 [main] INFO  J.r.database.DatabaseConnection - Successful connection to the database
]]></system-out>
  </testcase>
  <testcase name="testDeleteNonExistent" classname="repository.PointRepositoryTest" time="1.257">
    <system-out><![CDATA[05:17:59.412 [main] INFO  J.r.database.DatabaseConnection - Successful connection to the database
05:17:59.487 [main] INFO  J.r.database.DatabaseConnection - Successful connection to the database
05:17:59.576 [main] INFO  J.r.database.DatabaseConnection - Successful connection to the database
05:17:59.589 [main] INFO  JDBC.repository.UserRepository - Operation start: adding a user bob_1767748679589_1
05:17:59.658 [main] INFO  J.r.database.DatabaseConnection - Successful connection to the database
05:17:59.659 [main] INFO  JDBC.repository.SqlHelper - SQL файл успешно загружен: scripts/users/insert_user.sql
05:17:59.662 [main] INFO  JDBC.repository.UserRepository - The operation is completed: the user has been added with the ID 1
05:17:59.662 [main] INFO  JDBC.repository.FunctionRepository - Operation start: adding a function f1
05:17:59.730 [main] INFO  J.r.database.DatabaseConnection - Successful connection to the database
05:17:59.731 [main] INFO  JDBC.repository.SqlHelper - SQL файл успешно загружен: scripts/functions/insert_function.sql
05:17:59.734 [main] INFO  JDBC.repository.FunctionRepository - Operation completed: function added with ID 43 (saved as whole, not point by point)
05:17:59.735 [main] INFO  JDBC.repository.FunctionRepository - Operation start: adding a function f2
05:17:59.811 [main] INFO  J.r.database.DatabaseConnection - Successful connection to the database
05:17:59.811 [main] INFO  JDBC.repository.SqlHelper - SQL файл успешно загружен: scripts/functions/insert_function.sql
05:17:59.815 [main] INFO  JDBC.repository.FunctionRepository - Operation completed: function added with ID 44 (saved as whole, not point by point)
05:17:59.815 [main] INFO  JDBC.repository.PointRepository - Starting the operation: adding a point for the ID function 43
05:17:59.878 [main] INFO  J.r.database.DatabaseConnection - Successful connection to the database
05:17:59.879 [main] INFO  JDBC.repository.SqlHelper - SQL файл успешно загружен: scripts/points/insert_point.sql
05:17:59.883 [main] INFO  JDBC.repository.PointRepository - The operation is completed: the point has been added
05:17:59.884 [main] INFO  JDBC.repository.PointRepository - Starting the operation: adding a point for the ID function 43
05:17:59.949 [main] INFO  J.r.database.DatabaseConnection - Successful connection to the database
05:17:59.949 [main] INFO  JDBC.repository.SqlHelper - SQL файл успешно загружен: scripts/points/insert_point.sql
05:17:59.955 [main] INFO  JDBC.repository.PointRepository - The operation is completed: the point has been added
05:17:59.955 [main] INFO  JDBC.repository.PointRepository - Starting the operation: adding a point for the ID function 43
05:18:00.035 [main] INFO  J.r.database.DatabaseConnection - Successful connection to the database
05:18:00.035 [main] INFO  JDBC.repository.SqlHelper - SQL файл успешно загружен: scripts/points/insert_point.sql
05:18:00.040 [main] INFO  JDBC.repository.PointRepository - The operation is completed: the point has been added
05:18:00.040 [main] INFO  JDBC.repository.PointRepository - Starting the operation: adding a point for the ID function 44
05:18:00.105 [main] INFO  J.r.database.DatabaseConnection - Successful connection to the database
05:18:00.105 [main] INFO  JDBC.repository.SqlHelper - SQL файл успешно загружен: scripts/points/insert_point.sql
05:18:00.108 [main] INFO  JDBC.repository.PointRepository - The operation is completed: the point has been added
05:18:00.108 [main] INFO  JDBC.repository.PointRepository - Starting the operation: adding a point for the ID function 44
05:18:00.176 [main] INFO  J.r.database.DatabaseConnection - Successful connection to the database
05:18:00.176 [main] INFO  JDBC.repository.SqlHelper - SQL файл успешно загружен: scripts/points/insert_point.sql
05:18:00.181 [main] INFO  JDBC.repository.PointRepository - The operation is completed: the point has been added
05:18:00.181 [main] INFO  JDBC.repository.PointRepository - Start of operation: deleting the point of function 999 with X=999.0
05:18:00.260 [main] INFO  J.r.database.DatabaseConnection - Successful connection to the database
05:18:00.261 [main] INFO  JDBC.repository.SqlHelper - SQL файл успешно загружен: scripts/points/delete_point.sql
05:18:00.263 [main] INFO  JDBC.repository.PointRepository - Operation completed: point not  has been deleted
05:18:00.431 [main] INFO  J.r.database.DatabaseConnection - Successful connection to the database
05:18:00.504 [main] INFO  J.r.database.DatabaseConnection - Successful connection to the database
05:18:00.577 [main] INFO  J.r.database.DatabaseConnection - Successful connection to the database
]]></system-out>
  </testcase>
  <testcase name="testFindAllSortedByX" classname="repository.PointRepositoryTest" time="1.67">
    <system-out><![CDATA[05:18:00.654 [main] INFO  J.r.database.DatabaseConnection - Successful connection to the database
05:18:00.723 [main] INFO  J.r.database.DatabaseConnection - Successful connection to the database
05:18:00.895 [main] INFO  J.r.database.DatabaseConnection - Successful connection to the database
05:18:00.904 [main] INFO  JDBC.repository.UserRepository - Operation start: adding a user bob_1767748680904_1
05:18:00.973 [main] INFO  J.r.database.DatabaseConnection - Successful connection to the database
05:18:00.974 [main] INFO  JDBC.repository.SqlHelper - SQL файл успешно загружен: scripts/users/insert_user.sql
05:18:00.977 [main] INFO  JDBC.repository.UserRepository - The operation is completed: the user has been added with the ID 1
05:18:00.977 [main] INFO  JDBC.repository.FunctionRepository - Operation start: adding a function f1
05:18:01.047 [main] INFO  J.r.database.DatabaseConnection - Successful connection to the database
05:18:01.048 [main] INFO  JDBC.repository.SqlHelper - SQL файл успешно загружен: scripts/functions/insert_function.sql
05:18:01.051 [main] INFO  JDBC.repository.FunctionRepository - Operation completed: function added with ID 45 (saved as whole, not point by point)
05:18:01.052 [main] INFO  JDBC.repository.FunctionRepository - Operation start: adding a function f2
05:18:01.120 [main] INFO  J.r.database.DatabaseConnection - Successful connection to the database
05:18:01.121 [main] INFO  JDBC.repository.SqlHelper - SQL файл успешно загружен: scripts/functions/insert_function.sql
05:18:01.126 [main] INFO  JDBC.repository.FunctionRepository - Operation completed: function added with ID 46 (saved as whole, not point by point)
05:18:01.126 [main] INFO  JDBC.repository.PointRepository - Starting the operation: adding a point for the ID function 45
05:18:01.186 [main] INFO  J.r.database.DatabaseConnection - Successful connection to the database
05:18:01.187 [main] INFO  JDBC.repository.SqlHelper - SQL файл успешно загружен: scripts/points/insert_point.sql
05:18:01.190 [main] INFO  JDBC.repository.PointRepository - The operation is completed: the point has been added
05:18:01.191 [main] INFO  JDBC.repository.PointRepository - Starting the operation: adding a point for the ID function 45
05:18:01.371 [main] INFO  J.r.database.DatabaseConnection - Successful connection to the database
05:18:01.372 [main] INFO  JDBC.repository.SqlHelper - SQL файл успешно загружен: scripts/points/insert_point.sql
05:18:01.376 [main] INFO  JDBC.repository.PointRepository - The operation is completed: the point has been added
05:18:01.377 [main] INFO  JDBC.repository.PointRepository - Starting the operation: adding a point for the ID function 45
05:18:01.444 [main] INFO  J.r.database.DatabaseConnection - Successful connection to the database
05:18:01.445 [main] INFO  JDBC.repository.SqlHelper - SQL файл успешно загружен: scripts/points/insert_point.sql
05:18:01.448 [main] INFO  JDBC.repository.PointRepository - The operation is completed: the point has been added
05:18:01.448 [main] INFO  JDBC.repository.PointRepository - Starting the operation: adding a point for the ID function 46
05:18:01.523 [main] INFO  J.r.database.DatabaseConnection - Successful connection to the database
05:18:01.523 [main] INFO  JDBC.repository.SqlHelper - SQL файл успешно загружен: scripts/points/insert_point.sql
05:18:01.526 [main] INFO  JDBC.repository.PointRepository - The operation is completed: the point has been added
05:18:01.527 [main] INFO  JDBC.repository.PointRepository - Starting the operation: adding a point for the ID function 46
05:18:01.590 [main] INFO  J.r.database.DatabaseConnection - Successful connection to the database
05:18:01.590 [main] INFO  JDBC.repository.SqlHelper - SQL файл успешно загружен: scripts/points/insert_point.sql
05:18:01.594 [main] INFO  JDBC.repository.PointRepository - The operation is completed: the point has been added
05:18:01.663 [main] INFO  J.r.database.DatabaseConnection - Successful connection to the database
05:18:01.666 [main] INFO  JDBC.repository.PointRepository - Starting the operation: adding a point for the ID function 45
05:18:01.747 [main] INFO  J.r.database.DatabaseConnection - Successful connection to the database
05:18:01.747 [main] INFO  JDBC.repository.SqlHelper - SQL файл успешно загружен: scripts/points/insert_point.sql
05:18:01.753 [main] INFO  JDBC.repository.PointRepository - The operation is completed: the point has been added
05:18:01.753 [main] INFO  JDBC.repository.PointRepository - Starting the operation: adding a point for the ID function 45
05:18:01.824 [main] INFO  J.r.database.DatabaseConnection - Successful connection to the database
05:18:01.824 [main] INFO  JDBC.repository.SqlHelper - SQL файл успешно загружен: scripts/points/insert_point.sql
05:18:01.827 [main] INFO  JDBC.repository.PointRepository - The operation is completed: the point has been added
05:18:01.827 [main] INFO  JDBC.repository.PointRepository - Starting the operation: adding a point for the ID function 45
05:18:01.899 [main] INFO  J.r.database.DatabaseConnection - Successful connection to the database
05:18:01.899 [main] INFO  JDBC.repository.SqlHelper - SQL файл успешно загружен: scripts/points/insert_point.sql
05:18:01.904 [main] INFO  JDBC.repository.PointRepository - The operation is completed: the point has been added
05:18:01.904 [main] INFO  JDBC.repository.PointRepository - Search for points sorted by x_value
05:18:01.977 [main] INFO  J.r.database.DatabaseConnection - Successful connection to the database
05:18:01.977 [main] INFO  JDBC.repository.SqlHelper - SQL файл успешно загружен: scripts/points/select_points_sorted_x.sql
05:18:01.980 [main] INFO  JDBC.repository.Mapper - Mapping ResultSet to Point DTO
05:18:01.980 [main] INFO  JDBC.repository.Mapper - Mapping ResultSet to Point DTO
05:18:01.980 [main] INFO  JDBC.repository.Mapper - Mapping ResultSet to Point DTO
05:18:01.980 [main] INFO  JDBC.repository.PointRepository - Found 3 sorted points
05:18:02.043 [main] INFO  J.r.database.DatabaseConnection - Successful connection to the database
05:18:02.137 [main] INFO  J.r.database.DatabaseConnection - Successful connection to the database
05:18:02.238 [main] INFO  J.r.database.DatabaseConnection - Successful connection to the database
]]></system-out>
  </testcase>
  <testcase name="testFindAllSortedByY" classname="repository.PointRepositoryTest" time="1.531">
    <system-out><![CDATA[05:18:02.375 [main] INFO  J.r.database.DatabaseConnection - Successful connection to the database
05:18:02.445 [main] INFO  J.r.database.DatabaseConnection - Successful connection to the database
05:18:02.513 [main] INFO  J.r.database.DatabaseConnection - Successful connection to the database
05:18:02.520 [main] INFO  JDBC.repository.UserRepository - Operation start: adding a user bob_1767748682520_1
05:18:02.687 [main] INFO  J.r.database.DatabaseConnection - Successful connection to the database
05:18:02.687 [main] INFO  JDBC.repository.SqlHelper - SQL файл успешно загружен: scripts/users/insert_user.sql
05:18:02.691 [main] INFO  JDBC.repository.UserRepository - The operation is completed: the user has been added with the ID 1
05:18:02.691 [main] INFO  JDBC.repository.FunctionRepository - Operation start: adding a function f1
05:18:02.761 [main] INFO  J.r.database.DatabaseConnection - Successful connection to the database
05:18:02.761 [main] INFO  JDBC.repository.SqlHelper - SQL файл успешно загружен: scripts/functions/insert_function.sql
05:18:02.765 [main] INFO  JDBC.repository.FunctionRepository - Operation completed: function added with ID 47 (saved as whole, not point by point)
05:18:02.765 [main] INFO  JDBC.repository.FunctionRepository - Operation start: adding a function f2
05:18:02.836 [main] INFO  J.r.database.DatabaseConnection - Successful connection to the database
05:18:02.836 [main] INFO  JDBC.repository.SqlHelper - SQL файл успешно загружен: scripts/functions/insert_function.sql
05:18:02.840 [main] INFO  JDBC.repository.FunctionRepository - Operation completed: function added with ID 48 (saved as whole, not point by point)
05:18:02.841 [main] INFO  JDBC.repository.PointRepository - Starting the operation: adding a point for the ID function 47
05:18:02.907 [main] INFO  J.r.database.DatabaseConnection - Successful connection to the database
05:18:02.908 [main] INFO  JDBC.repository.SqlHelper - SQL файл успешно загружен: scripts/points/insert_point.sql
05:18:02.911 [main] INFO  JDBC.repository.PointRepository - The operation is completed: the point has been added
05:18:02.911 [main] INFO  JDBC.repository.PointRepository - Starting the operation: adding a point for the ID function 47
05:18:02.975 [main] INFO  J.r.database.DatabaseConnection - Successful connection to the database
05:18:02.975 [main] INFO  JDBC.repository.SqlHelper - SQL файл успешно загружен: scripts/points/insert_point.sql
05:18:02.978 [main] INFO  JDBC.repository.PointRepository - The operation is completed: the point has been added
05:18:02.978 [main] INFO  JDBC.repository.PointRepository - Starting the operation: adding a point for the ID function 47
05:18:03.059 [main] INFO  J.r.database.DatabaseConnection - Successful connection to the database
05:18:03.060 [main] INFO  JDBC.repository.SqlHelper - SQL файл успешно загружен: scripts/points/insert_point.sql
05:18:03.065 [main] INFO  JDBC.repository.PointRepository - The operation is completed: the point has been added
05:18:03.066 [main] INFO  JDBC.repository.PointRepository - Starting the operation: adding a point for the ID function 48
05:18:03.141 [main] INFO  J.r.database.DatabaseConnection - Successful connection to the database
05:18:03.142 [main] INFO  JDBC.repository.SqlHelper - SQL файл успешно загружен: scripts/points/insert_point.sql
05:18:03.145 [main] INFO  JDBC.repository.PointRepository - The operation is completed: the point has been added
05:18:03.145 [main] INFO  JDBC.repository.PointRepository - Starting the operation: adding a point for the ID function 48
05:18:03.210 [main] INFO  J.r.database.DatabaseConnection - Successful connection to the database
05:18:03.210 [main] INFO  JDBC.repository.SqlHelper - SQL файл успешно загружен: scripts/points/insert_point.sql
05:18:03.214 [main] INFO  JDBC.repository.PointRepository - The operation is completed: the point has been added
05:18:03.278 [main] INFO  J.r.database.DatabaseConnection - Successful connection to the database
05:18:03.280 [main] INFO  JDBC.repository.PointRepository - Starting the operation: adding a point for the ID function 47
05:18:03.355 [main] INFO  J.r.database.DatabaseConnection - Successful connection to the database
05:18:03.356 [main] INFO  JDBC.repository.SqlHelper - SQL файл успешно загружен: scripts/points/insert_point.sql
05:18:03.362 [main] INFO  JDBC.repository.PointRepository - The operation is completed: the point has been added
05:18:03.363 [main] INFO  JDBC.repository.PointRepository - Starting the operation: adding a point for the ID function 47
05:18:03.428 [main] INFO  J.r.database.DatabaseConnection - Successful connection to the database
05:18:03.428 [main] INFO  JDBC.repository.SqlHelper - SQL файл успешно загружен: scripts/points/insert_point.sql
05:18:03.433 [main] INFO  JDBC.repository.PointRepository - The operation is completed: the point has been added
05:18:03.433 [main] INFO  JDBC.repository.PointRepository - Starting the operation: adding a point for the ID function 47
05:18:03.496 [main] INFO  J.r.database.DatabaseConnection - Successful connection to the database
05:18:03.497 [main] INFO  JDBC.repository.SqlHelper - SQL файл успешно загружен: scripts/points/insert_point.sql
05:18:03.502 [main] INFO  JDBC.repository.PointRepository - The operation is completed: the point has been added
05:18:03.502 [main] INFO  JDBC.repository.PointRepository - Search for points sorted by y_value
05:18:03.570 [main] INFO  J.r.database.DatabaseConnection - Successful connection to the database
05:18:03.571 [main] INFO  JDBC.repository.SqlHelper - SQL файл успешно загружен: scripts/points/select_points_sorted_y.sql
05:18:03.573 [main] INFO  JDBC.repository.Mapper - Mapping ResultSet to Point DTO
05:18:03.573 [main] INFO  JDBC.repository.Mapper - Mapping ResultSet to Point DTO
05:18:03.573 [main] INFO  JDBC.repository.Mapper - Mapping ResultSet to Point DTO
05:18:03.573 [main] INFO  JDBC.repository.PointRepository - Found 3 points sorted by Y
05:18:03.636 [main] INFO  J.r.database.DatabaseConnection - Successful connection to the database
05:18:03.701 [main] INFO  J.r.database.DatabaseConnection - Successful connection to the database
05:18:03.780 [main] INFO  J.r.database.DatabaseConnection - Successful connection to the database
]]></system-out>
  </testcase>
  <testcase name="testFindByFunctionIdEmpty" classname="repository.PointRepositoryTest" time="1.282">
    <system-out><![CDATA[05:18:03.856 [main] INFO  J.r.database.DatabaseConnection - Successful connection to the database
05:18:03.935 [main] INFO  J.r.database.DatabaseConnection - Successful connection to the database
05:18:04.040 [main] INFO  J.r.database.DatabaseConnection - Successful connection to the database
05:18:04.047 [main] INFO  JDBC.repository.UserRepository - Operation start: adding a user bob_1767748684047_1
05:18:04.120 [main] INFO  J.r.database.DatabaseConnection - Successful connection to the database
05:18:04.121 [main] INFO  JDBC.repository.SqlHelper - SQL файл успешно загружен: scripts/users/insert_user.sql
05:18:04.124 [main] INFO  JDBC.repository.UserRepository - The operation is completed: the user has been added with the ID 1
05:18:04.125 [main] INFO  JDBC.repository.FunctionRepository - Operation start: adding a function f1
05:18:04.196 [main] INFO  J.r.database.DatabaseConnection - Successful connection to the database
05:18:04.197 [main] INFO  JDBC.repository.SqlHelper - SQL файл успешно загружен: scripts/functions/insert_function.sql
05:18:04.202 [main] INFO  JDBC.repository.FunctionRepository - Operation completed: function added with ID 49 (saved as whole, not point by point)
05:18:04.203 [main] INFO  JDBC.repository.FunctionRepository - Operation start: adding a function f2
05:18:04.369 [main] INFO  J.r.database.DatabaseConnection - Successful connection to the database
05:18:04.370 [main] INFO  JDBC.repository.SqlHelper - SQL файл успешно загружен: scripts/functions/insert_function.sql
05:18:04.375 [main] INFO  JDBC.repository.FunctionRepository - Operation completed: function added with ID 50 (saved as whole, not point by point)
05:18:04.375 [main] INFO  JDBC.repository.PointRepository - Starting the operation: adding a point for the ID function 49
05:18:04.465 [main] INFO  J.r.database.DatabaseConnection - Successful connection to the database
05:18:04.466 [main] INFO  JDBC.repository.SqlHelper - SQL файл успешно загружен: scripts/points/insert_point.sql
05:18:04.471 [main] INFO  JDBC.repository.PointRepository - The operation is completed: the point has been added
05:18:04.471 [main] INFO  JDBC.repository.PointRepository - Starting the operation: adding a point for the ID function 49
05:18:04.549 [main] INFO  J.r.database.DatabaseConnection - Successful connection to the database
05:18:04.550 [main] INFO  JDBC.repository.SqlHelper - SQL файл успешно загружен: scripts/points/insert_point.sql
05:18:04.553 [main] INFO  JDBC.repository.PointRepository - The operation is completed: the point has been added
05:18:04.553 [main] INFO  JDBC.repository.PointRepository - Starting the operation: adding a point for the ID function 49
05:18:04.625 [main] INFO  J.r.database.DatabaseConnection - Successful connection to the database
05:18:04.625 [main] INFO  JDBC.repository.SqlHelper - SQL файл успешно загружен: scripts/points/insert_point.sql
05:18:04.629 [main] INFO  JDBC.repository.PointRepository - The operation is completed: the point has been added
05:18:04.630 [main] INFO  JDBC.repository.PointRepository - Starting the operation: adding a point for the ID function 50
05:18:04.707 [main] INFO  J.r.database.DatabaseConnection - Successful connection to the database
05:18:04.707 [main] INFO  JDBC.repository.SqlHelper - SQL файл успешно загружен: scripts/points/insert_point.sql
05:18:04.711 [main] INFO  JDBC.repository.PointRepository - The operation is completed: the point has been added
05:18:04.712 [main] INFO  JDBC.repository.PointRepository - Starting the operation: adding a point for the ID function 50
05:18:04.771 [main] INFO  J.r.database.DatabaseConnection - Successful connection to the database
05:18:04.772 [main] INFO  JDBC.repository.SqlHelper - SQL файл успешно загружен: scripts/points/insert_point.sql
05:18:04.774 [main] INFO  JDBC.repository.PointRepository - The operation is completed: the point has been added
05:18:04.775 [main] INFO  JDBC.repository.PointRepository - Start of operation: obtaining points for the ID function 999
05:18:04.852 [main] INFO  J.r.database.DatabaseConnection - Successful connection to the database
05:18:04.852 [main] INFO  JDBC.repository.SqlHelper - SQL файл успешно загружен: scripts/points/select_all_points.sql
05:18:04.855 [main] INFO  JDBC.repository.PointRepository - The operation is complete: 0 points have been found for the function 999
05:18:04.924 [main] INFO  J.r.database.DatabaseConnection - Successful connection to the database
05:18:04.990 [main] INFO  J.r.database.DatabaseConnection - Successful connection to the database
05:18:05.065 [main] INFO  J.r.database.DatabaseConnection - Successful connection to the database
]]></system-out>
  </testcase>
  <testcase name="testDelete" classname="repository.PointRepositoryTest" time="1.198">
    <system-out><![CDATA[05:18:05.143 [main] INFO  J.r.database.DatabaseConnection - Successful connection to the database
05:18:05.207 [main] INFO  J.r.database.DatabaseConnection - Successful connection to the database
05:18:05.277 [main] INFO  J.r.database.DatabaseConnection - Successful connection to the database
05:18:05.284 [main] INFO  JDBC.repository.UserRepository - Operation start: adding a user bob_1767748685284_1
05:18:05.348 [main] INFO  J.r.database.DatabaseConnection - Successful connection to the database
05:18:05.348 [main] INFO  JDBC.repository.SqlHelper - SQL файл успешно загружен: scripts/users/insert_user.sql
05:18:05.351 [main] INFO  JDBC.repository.UserRepository - The operation is completed: the user has been added with the ID 1
05:18:05.351 [main] INFO  JDBC.repository.FunctionRepository - Operation start: adding a function f1
05:18:05.414 [main] INFO  J.r.database.DatabaseConnection - Successful connection to the database
05:18:05.415 [main] INFO  JDBC.repository.SqlHelper - SQL файл успешно загружен: scripts/functions/insert_function.sql
05:18:05.421 [main] INFO  JDBC.repository.FunctionRepository - Operation completed: function added with ID 51 (saved as whole, not point by point)
05:18:05.421 [main] INFO  JDBC.repository.FunctionRepository - Operation start: adding a function f2
05:18:05.487 [main] INFO  J.r.database.DatabaseConnection - Successful connection to the database
05:18:05.488 [main] INFO  JDBC.repository.SqlHelper - SQL файл успешно загружен: scripts/functions/insert_function.sql
05:18:05.491 [main] INFO  JDBC.repository.FunctionRepository - Operation completed: function added with ID 52 (saved as whole, not point by point)
05:18:05.492 [main] INFO  JDBC.repository.PointRepository - Starting the operation: adding a point for the ID function 51
05:18:05.554 [main] INFO  J.r.database.DatabaseConnection - Successful connection to the database
05:18:05.554 [main] INFO  JDBC.repository.SqlHelper - SQL файл успешно загружен: scripts/points/insert_point.sql
05:18:05.557 [main] INFO  JDBC.repository.PointRepository - The operation is completed: the point has been added
05:18:05.557 [main] INFO  JDBC.repository.PointRepository - Starting the operation: adding a point for the ID function 51
05:18:05.617 [main] INFO  J.r.database.DatabaseConnection - Successful connection to the database
05:18:05.618 [main] INFO  JDBC.repository.SqlHelper - SQL файл успешно загружен: scripts/points/insert_point.sql
05:18:05.622 [main] INFO  JDBC.repository.PointRepository - The operation is completed: the point has been added
05:18:05.622 [main] INFO  JDBC.repository.PointRepository - Starting the operation: adding a point for the ID function 51
05:18:05.693 [main] INFO  J.r.database.DatabaseConnection - Successful connection to the database
05:18:05.694 [main] INFO  JDBC.repository.SqlHelper - SQL файл успешно загружен: scripts/points/insert_point.sql
05:18:05.697 [main] INFO  JDBC.repository.PointRepository - The operation is completed: the point has been added
05:18:05.697 [main] INFO  JDBC.repository.PointRepository - Starting the operation: adding a point for the ID function 52
05:18:05.764 [main] INFO  J.r.database.DatabaseConnection - Successful connection to the database
05:18:05.764 [main] INFO  JDBC.repository.SqlHelper - SQL файл успешно загружен: scripts/points/insert_point.sql
05:18:05.767 [main] INFO  JDBC.repository.PointRepository - The operation is completed: the point has been added
05:18:05.767 [main] INFO  JDBC.repository.PointRepository - Starting the operation: adding a point for the ID function 52
05:18:05.832 [main] INFO  J.r.database.DatabaseConnection - Successful connection to the database
05:18:05.833 [main] INFO  JDBC.repository.SqlHelper - SQL файл успешно загружен: scripts/points/insert_point.sql
05:18:05.837 [main] INFO  JDBC.repository.PointRepository - The operation is completed: the point has been added
05:18:05.837 [main] INFO  JDBC.repository.PointRepository - Start of operation: deleting the point of function 51 with X=2.0
05:18:05.909 [main] INFO  J.r.database.DatabaseConnection - Successful connection to the database
05:18:05.910 [main] INFO  JDBC.repository.SqlHelper - SQL файл успешно загружен: scripts/points/delete_point.sql
05:18:05.914 [main] INFO  JDBC.repository.PointRepository - Operation completed: point  has been deleted
05:18:05.914 [main] INFO  JDBC.repository.PointRepository - Starting the operation: finding the point of the function 51 with X=2.0
05:18:05.977 [main] INFO  J.r.database.DatabaseConnection - Successful connection to the database
05:18:05.977 [main] INFO  JDBC.repository.SqlHelper - SQL файл успешно загружен: scripts/points/select_point.sql
05:18:05.980 [main] INFO  JDBC.repository.PointRepository - Operation completed: point not found
05:18:05.980 [main] INFO  JDBC.repository.PointRepository - Start of operation: obtaining points for the ID function 51
05:18:06.049 [main] INFO  J.r.database.DatabaseConnection - Successful connection to the database
05:18:06.050 [main] INFO  JDBC.repository.SqlHelper - SQL файл успешно загружен: scripts/points/select_all_points.sql
05:18:06.053 [main] INFO  JDBC.repository.Mapper - Mapping ResultSet to Point DTO
05:18:06.053 [main] INFO  JDBC.repository.Mapper - Mapping ResultSet to Point DTO
05:18:06.054 [main] INFO  JDBC.repository.PointRepository - The operation is complete: 2 points have been found for the function 51
05:18:06.126 [main] INFO  J.r.database.DatabaseConnection - Successful connection to the database
05:18:06.195 [main] INFO  J.r.database.DatabaseConnection - Successful connection to the database
05:18:06.262 [main] INFO  J.r.database.DatabaseConnection - Successful connection to the database
]]></system-out>
  </testcase>
  <testcase name="testFindByFunctionIdAndXNonExistent" classname="repository.PointRepositoryTest" time="1.232">
    <system-out><![CDATA[05:18:06.351 [main] INFO  J.r.database.DatabaseConnection - Successful connection to the database
05:18:06.435 [main] INFO  J.r.database.DatabaseConnection - Successful connection to the database
05:18:06.510 [main] INFO  J.r.database.DatabaseConnection - Successful connection to the database
05:18:06.517 [main] INFO  JDBC.repository.UserRepository - Operation start: adding a user bob_1767748686517_1
05:18:06.580 [main] INFO  J.r.database.DatabaseConnection - Successful connection to the database
05:18:06.581 [main] INFO  JDBC.repository.SqlHelper - SQL файл успешно загружен: scripts/users/insert_user.sql
05:18:06.583 [main] INFO  JDBC.repository.UserRepository - The operation is completed: the user has been added with the ID 1
05:18:06.583 [main] INFO  JDBC.repository.FunctionRepository - Operation start: adding a function f1
05:18:06.649 [main] INFO  J.r.database.DatabaseConnection - Successful connection to the database
05:18:06.650 [main] INFO  JDBC.repository.SqlHelper - SQL файл успешно загружен: scripts/functions/insert_function.sql
05:18:06.654 [main] INFO  JDBC.repository.FunctionRepository - Operation completed: function added with ID 53 (saved as whole, not point by point)
05:18:06.655 [main] INFO  JDBC.repository.FunctionRepository - Operation start: adding a function f2
05:18:06.724 [main] INFO  J.r.database.DatabaseConnection - Successful connection to the database
05:18:06.724 [main] INFO  JDBC.repository.SqlHelper - SQL файл успешно загружен: scripts/functions/insert_function.sql
05:18:06.729 [main] INFO  JDBC.repository.FunctionRepository - Operation completed: function added with ID 54 (saved as whole, not point by point)
05:18:06.730 [main] INFO  JDBC.repository.PointRepository - Starting the operation: adding a point for the ID function 53
05:18:06.798 [main] INFO  J.r.database.DatabaseConnection - Successful connection to the database
05:18:06.799 [main] INFO  JDBC.repository.SqlHelper - SQL файл успешно загружен: scripts/points/insert_point.sql
05:18:06.802 [main] INFO  JDBC.repository.PointRepository - The operation is completed: the point has been added
05:18:06.803 [main] INFO  JDBC.repository.PointRepository - Starting the operation: adding a point for the ID function 53
05:18:06.873 [main] INFO  J.r.database.DatabaseConnection - Successful connection to the database
05:18:06.874 [main] INFO  JDBC.repository.SqlHelper - SQL файл успешно загружен: scripts/points/insert_point.sql
05:18:06.879 [main] INFO  JDBC.repository.PointRepository - The operation is completed: the point has been added
05:18:06.880 [main] INFO  JDBC.repository.PointRepository - Starting the operation: adding a point for the ID function 53
05:18:06.955 [main] INFO  J.r.database.DatabaseConnection - Successful connection to the database
05:18:06.956 [main] INFO  JDBC.repository.SqlHelper - SQL файл успешно загружен: scripts/points/insert_point.sql
05:18:06.960 [main] INFO  JDBC.repository.PointRepository - The operation is completed: the point has been added
05:18:06.960 [main] INFO  JDBC.repository.PointRepository - Starting the operation: adding a point for the ID function 54
05:18:07.027 [main] INFO  J.r.database.DatabaseConnection - Successful connection to the database
05:18:07.028 [main] INFO  JDBC.repository.SqlHelper - SQL файл успешно загружен: scripts/points/insert_point.sql
05:18:07.031 [main] INFO  JDBC.repository.PointRepository - The operation is completed: the point has been added
05:18:07.032 [main] INFO  JDBC.repository.PointRepository - Starting the operation: adding a point for the ID function 54
05:18:07.104 [main] INFO  J.r.database.DatabaseConnection - Successful connection to the database
05:18:07.105 [main] INFO  JDBC.repository.SqlHelper - SQL файл успешно загружен: scripts/points/insert_point.sql
05:18:07.110 [main] INFO  JDBC.repository.PointRepository - The operation is completed: the point has been added
05:18:07.110 [main] INFO  JDBC.repository.PointRepository - Starting the operation: finding the point of the function 53 with X=999.0
05:18:07.203 [main] INFO  J.r.database.DatabaseConnection - Successful connection to the database
05:18:07.203 [main] INFO  JDBC.repository.SqlHelper - SQL файл успешно загружен: scripts/points/select_point.sql
05:18:07.205 [main] INFO  JDBC.repository.PointRepository - Operation completed: point not found
05:18:07.205 [main] INFO  JDBC.repository.PointRepository - Starting the operation: finding the point of the function 999 with X=1.0
05:18:07.276 [main] INFO  J.r.database.DatabaseConnection - Successful connection to the database
05:18:07.276 [main] INFO  JDBC.repository.SqlHelper - SQL файл успешно загружен: scripts/points/select_point.sql
05:18:07.279 [main] INFO  JDBC.repository.PointRepository - Operation completed: point not found
05:18:07.361 [main] INFO  J.r.database.DatabaseConnection - Successful connection to the database
05:18:07.424 [main] INFO  J.r.database.DatabaseConnection - Successful connection to the database
05:18:07.496 [main] INFO  J.r.database.DatabaseConnection - Successful connection to the database
]]></system-out>
  </testcase>
  <testcase name="testFindByFunctionIdAndX" classname="repository.PointRepositoryTest" time="1.081">
    <system-out><![CDATA[05:18:07.574 [main] INFO  J.r.database.DatabaseConnection - Successful connection to the database
05:18:07.639 [main] INFO  J.r.database.DatabaseConnection - Successful connection to the database
05:18:07.705 [main] INFO  J.r.database.DatabaseConnection - Successful connection to the database
05:18:07.713 [main] INFO  JDBC.repository.UserRepository - Operation start: adding a user bob_1767748687713_1
05:18:07.778 [main] INFO  J.r.database.DatabaseConnection - Successful connection to the database
05:18:07.779 [main] INFO  JDBC.repository.SqlHelper - SQL файл успешно загружен: scripts/users/insert_user.sql
05:18:07.782 [main] INFO  JDBC.repository.UserRepository - The operation is completed: the user has been added with the ID 1
05:18:07.782 [main] INFO  JDBC.repository.FunctionRepository - Operation start: adding a function f1
05:18:07.848 [main] INFO  J.r.database.DatabaseConnection - Successful connection to the database
05:18:07.849 [main] INFO  JDBC.repository.SqlHelper - SQL файл успешно загружен: scripts/functions/insert_function.sql
05:18:07.853 [main] INFO  JDBC.repository.FunctionRepository - Operation completed: function added with ID 55 (saved as whole, not point by point)
05:18:07.853 [main] INFO  JDBC.repository.FunctionRepository - Operation start: adding a function f2
05:18:07.922 [main] INFO  J.r.database.DatabaseConnection - Successful connection to the database
05:18:07.922 [main] INFO  JDBC.repository.SqlHelper - SQL файл успешно загружен: scripts/functions/insert_function.sql
05:18:07.926 [main] INFO  JDBC.repository.FunctionRepository - Operation completed: function added with ID 56 (saved as whole, not point by point)
05:18:07.926 [main] INFO  JDBC.repository.PointRepository - Starting the operation: adding a point for the ID function 55
05:18:07.987 [main] INFO  J.r.database.DatabaseConnection - Successful connection to the database
05:18:07.988 [main] INFO  JDBC.repository.SqlHelper - SQL файл успешно загружен: scripts/points/insert_point.sql
05:18:07.991 [main] INFO  JDBC.repository.PointRepository - The operation is completed: the point has been added
05:18:07.991 [main] INFO  JDBC.repository.PointRepository - Starting the operation: adding a point for the ID function 55
05:18:08.057 [main] INFO  J.r.database.DatabaseConnection - Successful connection to the database
05:18:08.057 [main] INFO  JDBC.repository.SqlHelper - SQL файл успешно загружен: scripts/points/insert_point.sql
05:18:08.061 [main] INFO  JDBC.repository.PointRepository - The operation is completed: the point has been added
05:18:08.061 [main] INFO  JDBC.repository.PointRepository - Starting the operation: adding a point for the ID function 55
05:18:08.132 [main] INFO  J.r.database.DatabaseConnection - Successful connection to the database
05:18:08.132 [main] INFO  JDBC.repository.SqlHelper - SQL файл успешно загружен: scripts/points/insert_point.sql
05:18:08.136 [main] INFO  JDBC.repository.PointRepository - The operation is completed: the point has been added
05:18:08.136 [main] INFO  JDBC.repository.PointRepository - Starting the operation: adding a point for the ID function 56
05:18:08.202 [main] INFO  J.r.database.DatabaseConnection - Successful connection to the database
05:18:08.202 [main] INFO  JDBC.repository.SqlHelper - SQL файл успешно загружен: scripts/points/insert_point.sql
05:18:08.205 [main] INFO  JDBC.repository.PointRepository - The operation is completed: the point has been added
05:18:08.205 [main] INFO  JDBC.repository.PointRepository - Starting the operation: adding a point for the ID function 56
05:18:08.271 [main] INFO  J.r.database.DatabaseConnection - Successful connection to the database
05:18:08.271 [main] INFO  JDBC.repository.SqlHelper - SQL файл успешно загружен: scripts/points/insert_point.sql
05:18:08.275 [main] INFO  JDBC.repository.PointRepository - The operation is completed: the point has been added
05:18:08.275 [main] INFO  JDBC.repository.PointRepository - Starting the operation: finding the point of the function 55 with X=2.0
05:18:08.343 [main] INFO  J.r.database.DatabaseConnection - Successful connection to the database
05:18:08.343 [main] INFO  JDBC.repository.SqlHelper - SQL файл успешно загружен: scripts/points/select_point.sql
05:18:08.345 [main] INFO  JDBC.repository.PointRepository - Operation completed: the point has been found
05:18:08.345 [main] INFO  JDBC.repository.Mapper - Mapping ResultSet to Point DTO
05:18:08.413 [main] INFO  J.r.database.DatabaseConnection - Successful connection to the database
05:18:08.484 [main] INFO  J.r.database.DatabaseConnection - Successful connection to the database
05:18:08.580 [main] INFO  J.r.database.DatabaseConnection - Successful connection to the database
]]></system-out>
  </testcase>
  <testcase name="testUpdateNonExistent" classname="repository.PointRepositoryTest" time="1.171">
    <system-out><![CDATA[05:18:08.664 [main] INFO  J.r.database.DatabaseConnection - Successful connection to the database
05:18:08.737 [main] INFO  J.r.database.DatabaseConnection - Successful connection to the database
05:18:08.903 [main] INFO  J.r.database.DatabaseConnection - Successful connection to the database
05:18:08.914 [main] INFO  JDBC.repository.UserRepository - Operation start: adding a user bob_1767748688914_1
05:18:08.985 [main] INFO  J.r.database.DatabaseConnection - Successful connection to the database
05:18:08.986 [main] INFO  JDBC.repository.SqlHelper - SQL файл успешно загружен: scripts/users/insert_user.sql
05:18:08.989 [main] INFO  JDBC.repository.UserRepository - The operation is completed: the user has been added with the ID 1
05:18:08.990 [main] INFO  JDBC.repository.FunctionRepository - Operation start: adding a function f1
05:18:09.055 [main] INFO  J.r.database.DatabaseConnection - Successful connection to the database
05:18:09.056 [main] INFO  JDBC.repository.SqlHelper - SQL файл успешно загружен: scripts/functions/insert_function.sql
05:18:09.061 [main] INFO  JDBC.repository.FunctionRepository - Operation completed: function added with ID 57 (saved as whole, not point by point)
05:18:09.061 [main] INFO  JDBC.repository.FunctionRepository - Operation start: adding a function f2
05:18:09.125 [main] INFO  J.r.database.DatabaseConnection - Successful connection to the database
05:18:09.125 [main] INFO  JDBC.repository.SqlHelper - SQL файл успешно загружен: scripts/functions/insert_function.sql
05:18:09.129 [main] INFO  JDBC.repository.FunctionRepository - Operation completed: function added with ID 58 (saved as whole, not point by point)
05:18:09.129 [main] INFO  JDBC.repository.PointRepository - Starting the operation: adding a point for the ID function 57
05:18:09.197 [main] INFO  J.r.database.DatabaseConnection - Successful connection to the database
05:18:09.198 [main] INFO  JDBC.repository.SqlHelper - SQL файл успешно загружен: scripts/points/insert_point.sql
05:18:09.202 [main] INFO  JDBC.repository.PointRepository - The operation is completed: the point has been added
05:18:09.203 [main] INFO  JDBC.repository.PointRepository - Starting the operation: adding a point for the ID function 57
05:18:09.270 [main] INFO  J.r.database.DatabaseConnection - Successful connection to the database
05:18:09.270 [main] INFO  JDBC.repository.SqlHelper - SQL файл успешно загружен: scripts/points/insert_point.sql
05:18:09.273 [main] INFO  JDBC.repository.PointRepository - The operation is completed: the point has been added
05:18:09.273 [main] INFO  JDBC.repository.PointRepository - Starting the operation: adding a point for the ID function 57
05:18:09.335 [main] INFO  J.r.database.DatabaseConnection - Successful connection to the database
05:18:09.336 [main] INFO  JDBC.repository.SqlHelper - SQL файл успешно загружен: scripts/points/insert_point.sql
05:18:09.339 [main] INFO  JDBC.repository.PointRepository - The operation is completed: the point has been added
05:18:09.339 [main] INFO  JDBC.repository.PointRepository - Starting the operation: adding a point for the ID function 58
05:18:09.408 [main] INFO  J.r.database.DatabaseConnection - Successful connection to the database
05:18:09.408 [main] INFO  JDBC.repository.SqlHelper - SQL файл успешно загружен: scripts/points/insert_point.sql
05:18:09.412 [main] INFO  JDBC.repository.PointRepository - The operation is completed: the point has been added
05:18:09.412 [main] INFO  JDBC.repository.PointRepository - Starting the operation: adding a point for the ID function 58
05:18:09.479 [main] INFO  J.r.database.DatabaseConnection - Successful connection to the database
05:18:09.480 [main] INFO  JDBC.repository.SqlHelper - SQL файл успешно загружен: scripts/points/insert_point.sql
05:18:09.483 [main] INFO  JDBC.repository.PointRepository - The operation is completed: the point has been added
05:18:09.483 [main] INFO  JDBC.repository.PointRepository - Starting the operation: updating the function point 999 with X=999.0
05:18:09.547 [main] INFO  J.r.database.DatabaseConnection - Successful connection to the database
05:18:09.548 [main] INFO  JDBC.repository.SqlHelper - SQL файл успешно загружен: scripts/points/update_point.sql
05:18:09.550 [main] INFO  JDBC.repository.PointRepository - Operation completed: point not  updated
05:18:09.615 [main] INFO  J.r.database.DatabaseConnection - Successful connection to the database
05:18:09.687 [main] INFO  J.r.database.DatabaseConnection - Successful connection to the database
05:18:09.753 [main] INFO  J.r.database.DatabaseConnection - Successful connection to the database
]]></system-out>
  </testcase>
  <testcase name="testInsert" classname="repository.PointRepositoryTest" time="1.121">
    <system-out><![CDATA[05:18:09.834 [main] INFO  J.r.database.DatabaseConnection - Successful connection to the database
05:18:09.904 [main] INFO  J.r.database.DatabaseConnection - Successful connection to the database
05:18:09.971 [main] INFO  J.r.database.DatabaseConnection - Successful connection to the database
05:18:09.980 [main] INFO  JDBC.repository.UserRepository - Operation start: adding a user bob_1767748689980_1
05:18:10.041 [main] INFO  J.r.database.DatabaseConnection - Successful connection to the database
05:18:10.042 [main] INFO  JDBC.repository.SqlHelper - SQL файл успешно загружен: scripts/users/insert_user.sql
05:18:10.044 [main] INFO  JDBC.repository.UserRepository - The operation is completed: the user has been added with the ID 1
05:18:10.045 [main] INFO  JDBC.repository.FunctionRepository - Operation start: adding a function f1
05:18:10.107 [main] INFO  J.r.database.DatabaseConnection - Successful connection to the database
05:18:10.107 [main] INFO  JDBC.repository.SqlHelper - SQL файл успешно загружен: scripts/functions/insert_function.sql
05:18:10.111 [main] INFO  JDBC.repository.FunctionRepository - Operation completed: function added with ID 59 (saved as whole, not point by point)
05:18:10.111 [main] INFO  JDBC.repository.FunctionRepository - Operation start: adding a function f2
05:18:10.173 [main] INFO  J.r.database.DatabaseConnection - Successful connection to the database
05:18:10.173 [main] INFO  JDBC.repository.SqlHelper - SQL файл успешно загружен: scripts/functions/insert_function.sql
05:18:10.177 [main] INFO  JDBC.repository.FunctionRepository - Operation completed: function added with ID 60 (saved as whole, not point by point)
05:18:10.177 [main] INFO  JDBC.repository.PointRepository - Starting the operation: adding a point for the ID function 59
05:18:10.238 [main] INFO  J.r.database.DatabaseConnection - Successful connection to the database
05:18:10.238 [main] INFO  JDBC.repository.SqlHelper - SQL файл успешно загружен: scripts/points/insert_point.sql
05:18:10.241 [main] INFO  JDBC.repository.PointRepository - The operation is completed: the point has been added
05:18:10.241 [main] INFO  JDBC.repository.PointRepository - Starting the operation: adding a point for the ID function 59
05:18:10.308 [main] INFO  J.r.database.DatabaseConnection - Successful connection to the database
05:18:10.308 [main] INFO  JDBC.repository.SqlHelper - SQL файл успешно загружен: scripts/points/insert_point.sql
05:18:10.312 [main] INFO  JDBC.repository.PointRepository - The operation is completed: the point has been added
05:18:10.312 [main] INFO  JDBC.repository.PointRepository - Starting the operation: adding a point for the ID function 59
05:18:10.382 [main] INFO  J.r.database.DatabaseConnection - Successful connection to the database
05:18:10.383 [main] INFO  JDBC.repository.SqlHelper - SQL файл успешно загружен: scripts/points/insert_point.sql
05:18:10.386 [main] INFO  JDBC.repository.PointRepository - The operation is completed: the point has been added
05:18:10.386 [main] INFO  JDBC.repository.PointRepository - Starting the operation: adding a point for the ID function 60
05:18:10.450 [main] INFO  J.r.database.DatabaseConnection - Successful connection to the database
05:18:10.451 [main] INFO  JDBC.repository.SqlHelper - SQL файл успешно загружен: scripts/points/insert_point.sql
05:18:10.454 [main] INFO  JDBC.repository.PointRepository - The operation is completed: the point has been added
05:18:10.454 [main] INFO  JDBC.repository.PointRepository - Starting the operation: adding a point for the ID function 60
05:18:10.523 [main] INFO  J.r.database.DatabaseConnection - Successful connection to the database
05:18:10.524 [main] INFO  JDBC.repository.SqlHelper - SQL файл успешно загружен: scripts/points/insert_point.sql
05:18:10.529 [main] INFO  JDBC.repository.PointRepository - The operation is completed: the point has been added
05:18:10.529 [main] INFO  JDBC.repository.PointRepository - Starting the operation: adding a point for the ID function 59
05:18:10.599 [main] INFO  J.r.database.DatabaseConnection - Successful connection to the database
05:18:10.600 [main] INFO  JDBC.repository.SqlHelper - SQL файл успешно загружен: scripts/points/insert_point.sql
05:18:10.603 [main] INFO  JDBC.repository.PointRepository - The operation is completed: the point has been added
05:18:10.603 [main] INFO  JDBC.repository.PointRepository - Start of operation: obtaining points for the ID function 59
05:18:10.662 [main] INFO  J.r.database.DatabaseConnection - Successful connection to the database
05:18:10.663 [main] INFO  JDBC.repository.SqlHelper - SQL файл успешно загружен: scripts/points/select_all_points.sql
05:18:10.665 [main] INFO  JDBC.repository.Mapper - Mapping ResultSet to Point DTO
05:18:10.665 [main] INFO  JDBC.repository.Mapper - Mapping ResultSet to Point DTO
05:18:10.665 [main] INFO  JDBC.repository.Mapper - Mapping ResultSet to Point DTO
05:18:10.665 [main] INFO  JDBC.repository.Mapper - Mapping ResultSet to Point DTO
05:18:10.665 [main] INFO  JDBC.repository.PointRepository - The operation is complete: 4 points have been found for the function 59
05:18:10.732 [main] INFO  J.r.database.DatabaseConnection - Successful connection to the database
05:18:10.803 [main] INFO  J.r.database.DatabaseConnection - Successful connection to the database
05:18:10.866 [main] INFO  J.r.database.DatabaseConnection - Successful connection to the database
]]></system-out>
  </testcase>
  <testcase name="testUpdate" classname="repository.PointRepositoryTest" time="1.675">
    <system-out><![CDATA[05:18:11.049 [main] INFO  J.r.database.DatabaseConnection - Successful connection to the database
05:18:11.115 [main] INFO  J.r.database.DatabaseConnection - Successful connection to the database
05:18:11.278 [main] INFO  J.r.database.DatabaseConnection - Successful connection to the database
05:18:11.289 [main] INFO  JDBC.repository.UserRepository - Operation start: adding a user bob_1767748691289_1
05:18:11.356 [main] INFO  J.r.database.DatabaseConnection - Successful connection to the database
05:18:11.356 [main] INFO  JDBC.repository.SqlHelper - SQL файл успешно загружен: scripts/users/insert_user.sql
05:18:11.359 [main] INFO  JDBC.repository.UserRepository - The operation is completed: the user has been added with the ID 1
05:18:11.359 [main] INFO  JDBC.repository.FunctionRepository - Operation start: adding a function f1
05:18:11.518 [main] INFO  J.r.database.DatabaseConnection - Successful connection to the database
05:18:11.519 [main] INFO  JDBC.repository.SqlHelper - SQL файл успешно загружен: scripts/functions/insert_function.sql
05:18:11.524 [main] INFO  JDBC.repository.FunctionRepository - Operation completed: function added with ID 61 (saved as whole, not point by point)
05:18:11.524 [main] INFO  JDBC.repository.FunctionRepository - Operation start: adding a function f2
05:18:11.584 [main] INFO  J.r.database.DatabaseConnection - Successful connection to the database
05:18:11.585 [main] INFO  JDBC.repository.SqlHelper - SQL файл успешно загружен: scripts/functions/insert_function.sql
05:18:11.590 [main] INFO  JDBC.repository.FunctionRepository - Operation completed: function added with ID 62 (saved as whole, not point by point)
05:18:11.590 [main] INFO  JDBC.repository.PointRepository - Starting the operation: adding a point for the ID function 61
05:18:11.754 [main] INFO  J.r.database.DatabaseConnection - Successful connection to the database
05:18:11.754 [main] INFO  JDBC.repository.SqlHelper - SQL файл успешно загружен: scripts/points/insert_point.sql
05:18:11.757 [main] INFO  JDBC.repository.PointRepository - The operation is completed: the point has been added
05:18:11.757 [main] INFO  JDBC.repository.PointRepository - Starting the operation: adding a point for the ID function 61
05:18:11.823 [main] INFO  J.r.database.DatabaseConnection - Successful connection to the database
05:18:11.824 [main] INFO  JDBC.repository.SqlHelper - SQL файл успешно загружен: scripts/points/insert_point.sql
05:18:11.827 [main] INFO  JDBC.repository.PointRepository - The operation is completed: the point has been added
05:18:11.828 [main] INFO  JDBC.repository.PointRepository - Starting the operation: adding a point for the ID function 61
05:18:11.896 [main] INFO  J.r.database.DatabaseConnection - Successful connection to the database
05:18:11.896 [main] INFO  JDBC.repository.SqlHelper - SQL файл успешно загружен: scripts/points/insert_point.sql
05:18:11.899 [main] INFO  JDBC.repository.PointRepository - The operation is completed: the point has been added
05:18:11.900 [main] INFO  JDBC.repository.PointRepository - Starting the operation: adding a point for the ID function 62
05:18:11.963 [main] INFO  J.r.database.DatabaseConnection - Successful connection to the database
05:18:11.963 [main] INFO  JDBC.repository.SqlHelper - SQL файл успешно загружен: scripts/points/insert_point.sql
05:18:11.966 [main] INFO  JDBC.repository.PointRepository - The operation is completed: the point has been added
05:18:11.966 [main] INFO  JDBC.repository.PointRepository - Starting the operation: adding a point for the ID function 62
05:18:12.033 [main] INFO  J.r.database.DatabaseConnection - Successful connection to the database
05:18:12.033 [main] INFO  JDBC.repository.SqlHelper - SQL файл успешно загружен: scripts/points/insert_point.sql
05:18:12.037 [main] INFO  JDBC.repository.PointRepository - The operation is completed: the point has been added
05:18:12.038 [main] INFO  JDBC.repository.PointRepository - Starting the operation: finding the point of the function 61 with X=2.0
05:18:12.202 [main] INFO  J.r.database.DatabaseConnection - Successful connection to the database
05:18:12.203 [main] INFO  JDBC.repository.SqlHelper - SQL файл успешно загружен: scripts/points/select_point.sql
05:18:12.205 [main] INFO  JDBC.repository.PointRepository - Operation completed: the point has been found
05:18:12.205 [main] INFO  JDBC.repository.Mapper - Mapping ResultSet to Point DTO
05:18:12.205 [main] INFO  JDBC.repository.PointRepository - Starting the operation: updating the function point 61 with X=2.0
05:18:12.281 [main] INFO  J.r.database.DatabaseConnection - Successful connection to the database
05:18:12.281 [main] INFO  JDBC.repository.SqlHelper - SQL файл успешно загружен: scripts/points/update_point.sql
05:18:12.284 [main] INFO  JDBC.repository.PointRepository - Operation completed: point  updated
05:18:12.285 [main] INFO  JDBC.repository.PointRepository - Starting the operation: finding the point of the function 61 with X=2.0
05:18:12.351 [main] INFO  J.r.database.DatabaseConnection - Successful connection to the database
05:18:12.351 [main] INFO  JDBC.repository.SqlHelper - SQL файл успешно загружен: scripts/points/select_point.sql
05:18:12.353 [main] INFO  JDBC.repository.PointRepository - Operation completed: the point has been found
05:18:12.353 [main] INFO  JDBC.repository.Mapper - Mapping ResultSet to Point DTO
05:18:12.415 [main] INFO  J.r.database.DatabaseConnection - Successful connection to the database
05:18:12.478 [main] INFO  J.r.database.DatabaseConnection - Successful connection to the database
05:18:12.548 [main] INFO  J.r.database.DatabaseConnection - Successful connection to the database
]]></system-out>
  </testcase>
</testsuite>